#
# A fatal error has been detected by the Java Runtime Environment:
#
#  SIGSEGV (0xb) at pc=0x00007fff7c35d69d, pid=21745, tid=0x0000000000000307
#
# JRE version: Java(TM) SE Runtime Environment (8.0_251-b08) (build 1.8.0_251-b08)
# Java VM: Java HotSpot(TM) 64-Bit Server VM (25.251-b08 mixed mode bsd-amd64 compressed oops)
# Problematic frame:
# C  [libobjc.A.dylib+0x669d]  objc_msgSend+0x1d
#
# Failed to write core dump. Core dumps have been disabled. To enable core dumping, try "ulimit -c unlimited" before starting Java again
#
# If you would like to submit a bug report, please visit:
#   http://bugreport.java.com/bugreport/crash.jsp
# The crash happened outside the Java Virtual Machine in native code.
# See problematic frame for where to report the bug.
#

---------------  T H R E A D  ---------------

Current thread (0x00007fdd711ee800):  JavaThread "AppKit Thread" daemon [_thread_in_native, id=775, stack(0x00007ffee7d2a000,0x00007ffee852a000)]

siginfo: si_signo: 11 (SIGSEGV), si_code: 1 (SEGV_MAPERR), si_addr: 0x000007fdd72aceb8

Registers:
RAX=0x00007fdd72a6c290, RBX=0x00007ffee85254b0, RCX=0x00007fdd6f5c00b0, RDX=0x00007fdd72a6c290
RSP=0x00007ffee8525478, RBP=0x00007ffee8525480, RSI=0x00007fff681a3839, RDI=0x00007fdd6f5c00b0
R8 =0x00000000000001ff, R9 =0x00007fdd72a9d2d0, R10=0x000007fdd72acea0, R11=0x00007fff681a3839
R12=0x0000000000000000, R13=0x00007fdd72a6c290, R14=0x00007fdd72a7f590, R15=0x0000000000000000
RIP=0x00007fff7c35d69d, EFLAGS=0x0000000000010206, ERR=0x0000000000000004
  TRAPNO=0x000000000000000e

Top of Stack: (sp=0x00007ffee8525478)
0x00007ffee8525478:   00007fff51c71596 00007ffee85254a0
0x00007ffee8525488:   00007fff51c71510 00007fdd72a9d2d0
0x00007ffee8525498:   0000000000000000 00007ffee8525510
0x00007ffee85254a8:   00007fff51c7147a 00007fffb449d070
0x00007ffee85254b8:   00000000c2000000 00007fff51c714d1
0x00007ffee85254c8:   00007ffface7a370 00007fdd72a9d2d0
0x00007ffee85254d8:   00007fdd72a6c290 0000000000000000
0x00007ffee85254e8:   00007ffee8525527 00007fdd72a9d2d0
0x00007ffee85254f8:   00007ffee85255d0 00007ffee8525d50
0x00007ffee8525508:   0000000000000000 00007ffee8525550
0x00007ffee8525518:   00007fff51c79928 00007ffee8525b20
0x00007ffee8525528:   0000000000000004 00007fff7c35d680
0x00007ffee8525538:   00007ffee85255d0 00007ffee8525d50
0x00007ffee8525548:   00007fff4fe16a8e 00007ffee8525c70
0x00007ffee8525558:   00007fff51be2384 0000000000000001
0x00007ffee8525568:   ffffffffffffffff 0000000000000006
0x00007ffee8525578:   00007fdd728904f0 00007fdd6f516f80
0x00007ffee8525588:   00007ffface72c01 0000000000000000
0x00007ffee8525598:   00007ffface72c20 00007fffaceb5ff8
0x00007ffee85255a8:   00000001076fda00 00007ffface7a030
0x00007ffee85255b8:   0000000000000000 0000000000000000
0x00007ffee85255c8:   0000000000000000 00007ffee8525b20
0x00007ffee85255d8:   000000000000000a 0000000000000100
0x00007ffee85255e8:   00000001076fda00 00007ffee8525a20
0x00007ffee85255f8:   0000000000000000 0000000000000100
0x00007ffee8525608:   00007fff7dce7b00 f696400070001000
0x00007ffee8525618:   00007fdd70003150 6c293ebd741d6d14
0x00007ffee8525628:   00007ffee8525668 0000000000000000
0x00007ffee8525638:   0000000000000002 00000001076f8e00
0x00007ffee8525648:   0000000000000020 00007fdd72c00000
0x00007ffee8525658:   000000000000001b 0000000000000000
0x00007ffee8525668:   0000000000000030 00000001076f8e00 

Instructions: (pc=0x00007fff7c35d69d)
0x00007fff7c35d67d:   0f 1f 00 48 85 ff 2e 74 62 40 f6 c7 01 2e 75 66
0x00007fff7c35d68d:   49 ba f8 ff ff ff ff 7f 00 00 4c 23 17 49 89 f3
0x00007fff7c35d69d:   45 23 5a 18 49 c1 e3 04 4d 03 5a 10 49 3b 33 75
0x00007fff7c35d6ad:   04 41 ff 63 08 49 83 3b 01 76 0d 49 83 c3 10 49 

Register to memory mapping:

RAX=0x00007fdd72a6c290 is an unknown value
RBX=0x00007ffee85254b0 is pointing into the stack for thread: 0x00007fdd711ee800
RCX=0x00007fdd6f5c00b0 is an unknown value
RDX=0x00007fdd72a6c290 is an unknown value
RSP=0x00007ffee8525478 is pointing into the stack for thread: 0x00007fdd711ee800
RBP=0x00007ffee8525480 is pointing into the stack for thread: 0x00007fdd711ee800
RSI=0x00007fff681a3839 is an unknown value
RDI=0x00007fdd6f5c00b0 is an unknown value
R8 =0x00000000000001ff is an unknown value
R9 =0x00007fdd72a9d2d0 is an unknown value
R10=0x000007fdd72acea0 is an unknown value
R11=0x00007fff681a3839 is an unknown value
R12=0x0000000000000000 is an unknown value
R13=0x00007fdd72a6c290 is an unknown value
R14=0x00007fdd72a7f590 is an unknown value
R15=0x0000000000000000 is an unknown value


Stack: [0x00007ffee7d2a000,0x00007ffee852a000],  sp=0x00007ffee8525478,  free space=8173k
Native frames: (J=compiled Java code, j=interpreted, Vv=VM code, C=native code)
C  [libobjc.A.dylib+0x669d]  objc_msgSend+0x1d
C  [CoreFoundation+0x9e510]  ___CFXRegistrationPost_block_invoke+0x3f
C  [CoreFoundation+0x9e47a]  _CFXRegistrationPost+0x194
C  [CoreFoundation+0xa6928]  ___CFXNotificationPost_block_invoke+0x57
C  [CoreFoundation+0xf384]  -[_CFXNotificationRegistrar find:object:observer:enumerator:]+0x66a
C  [CoreFoundation+0xe737]  _CFXNotificationPost+0x2dc
C  [Foundation+0x1206b]  -[NSNotificationCenter postNotificationName:object:userInfo:]+0x42
C  [CoreFoundation+0x9e596]  __CFNOTIFICATIONCENTER_IS_CALLING_OUT_TO_AN_OBSERVER__+0xc
C  [CoreFoundation+0x9e510]  ___CFXRegistrationPost_block_invoke+0x3f
C  [CoreFoundation+0x78164]  __CFRUNLOOP_IS_CALLING_OUT_TO_A_BLOCK__+0xc
C  [CoreFoundation+0x3b887]  __CFRunLoopDoBlocks+0x18a
C  [CoreFoundation+0x3afa6]  __CFRunLoopRun+0x496
C  [CoreFoundation+0x3a8be]  CFRunLoopRunSpecific+0x1c7
C  [HIToolbox+0xa96b]  RunCurrentEventLoopInMode+0x124
C  [HIToolbox+0xa6a5]  ReceiveNextEventCommon+0x25b
C  [HIToolbox+0xa436]  _BlockUntilNextEventMatchingListInModeWithFilter+0x40
C  [AppKit+0x1a987]  _DPSNextEvent+0x3c5
C  [AppKit+0x1971f]  -[NSApplication(NSEvent) _nextEventMatchingEventMask:untilDate:inMode:dequeue:]+0x551
C  [libosxapp.dylib+0x2328]  -[NSApplicationAWT nextEventMatchingMask:untilDate:inMode:dequeue:]+0x7c
C  [AppKit+0x1383c]  -[NSApplication run]+0x2bb
C  [libosxapp.dylib+0x1f72]  +[NSApplicationAWT runAWTLoopWithApp:]+0x9c
C  [libawt_lwawt.dylib+0x4803b]  -[AWTStarter starter:]+0x389
C  [Foundation+0xb07f2]  __NSThreadPerformPerform+0x148
C  [CoreFoundation+0x58083]  __CFRUNLOOP_IS_CALLING_OUT_TO_A_SOURCE0_PERFORM_FUNCTION__+0x11
C  [CoreFoundation+0x58029]  __CFRunLoopDoSource0+0x6c
C  [CoreFoundation+0x3b9eb]  __CFRunLoopDoSources0+0xc3
C  [CoreFoundation+0x3afb5]  __CFRunLoopRun+0x4a5
C  [CoreFoundation+0x3a8be]  CFRunLoopRunSpecific+0x1c7
C  [java+0x646e]  CreateExecutionEnvironment+0x367
C  [java+0x203c]  JLI_Launch+0x7a0
C  [java+0x84cb]  main+0x65
C  [java+0x1894]  start+0x34
C  0x0000000000000003


---------------  P R O C E S S  ---------------

Java Threads: ( => current thread )
  0x00007fdd70572800 JavaThread "Image Fetcher 0" daemon [_thread_blocked, id=29103, stack(0x000070000bb90000,0x000070000bc90000)]
  0x00007fdd714cc000 JavaThread "DestroyJavaVM" [_thread_blocked, id=9731, stack(0x000070000a548000,0x000070000a648000)]
  0x00007fdd70958800 JavaThread "AWT-EventQueue-0" [_thread_in_native, id=58123, stack(0x000070000ba0a000,0x000070000bb0a000)]
  0x00007fdd701e1800 JavaThread "TimerQueue" daemon [_thread_blocked, id=82743, stack(0x000070000b804000,0x000070000b904000)]
  0x00007fdd70936000 JavaThread "Java2D Disposer" daemon [_thread_blocked, id=79635, stack(0x000070000b701000,0x000070000b801000)]
  0x00007fdd6f8fa000 JavaThread "Java2D Queue Flusher" daemon [_thread_blocked, id=44931, stack(0x000070000b5fe000,0x000070000b6fe000)]
  0x00007fdd701a8000 JavaThread "AWT-Shutdown" [_thread_blocked, id=39979, stack(0x000070000b3f5000,0x000070000b4f5000)]
=>0x00007fdd711ee800 JavaThread "AppKit Thread" daemon [_thread_in_native, id=775, stack(0x00007ffee7d2a000,0x00007ffee852a000)]
  0x00007fdd70805800 JavaThread "Service Thread" daemon [_thread_blocked, id=17411, stack(0x000070000b16c000,0x000070000b26c000)]
  0x00007fdd6f801000 JavaThread "C1 CompilerThread2" daemon [_thread_blocked, id=17923, stack(0x000070000b069000,0x000070000b169000)]
  0x00007fdd7103b800 JavaThread "C2 CompilerThread1" daemon [_thread_in_native, id=13827, stack(0x000070000af66000,0x000070000b066000)]
  0x00007fdd7103a000 JavaThread "C2 CompilerThread0" daemon [_thread_blocked, id=13571, stack(0x000070000ae63000,0x000070000af63000)]
  0x00007fdd71014000 JavaThread "Signal Dispatcher" daemon [_thread_blocked, id=18691, stack(0x000070000ad60000,0x000070000ae60000)]
  0x00007fdd7100f800 JavaThread "Finalizer" daemon [_thread_blocked, id=20483, stack(0x000070000ac5d000,0x000070000ad5d000)]
  0x00007fdd6f83d000 JavaThread "Reference Handler" daemon [_thread_blocked, id=11779, stack(0x000070000ab5a000,0x000070000ac5a000)]

Other Threads:
  0x00007fdd7100b000 VMThread [stack: 0x000070000aa57000,0x000070000ab57000] [id=11523]
  0x00007fdd70808000 WatcherThread [stack: 0x000070000b26f000,0x000070000b36f000] [id=14083]

VM state:not at safepoint (normal execution)

VM Mutex/Monitor currently owned by a thread: None

heap address: 0x00000006c0000000, size: 4096 MB, Compressed Oops mode: Zero based, Oop shift amount: 3
Narrow klass base: 0x0000000000000000, Narrow klass shift: 3
Compressed class space size: 1073741824 Address: 0x00000007c0000000

Heap:
 PSYoungGen      total 76288K, used 60073K [0x000000076ab00000, 0x0000000770000000, 0x00000007c0000000)
  eden space 65536K, 91% used [0x000000076ab00000,0x000000076e5aa560,0x000000076eb00000)
  from space 10752K, 0% used [0x000000076f580000,0x000000076f580000,0x0000000770000000)
  to   space 10752K, 0% used [0x000000076eb00000,0x000000076eb00000,0x000000076f580000)
 ParOldGen       total 175104K, used 0K [0x00000006c0000000, 0x00000006cab00000, 0x000000076ab00000)
  object space 175104K, 0% used [0x00000006c0000000,0x00000006c0000000,0x00000006cab00000)
 Metaspace       used 17494K, capacity 17944K, committed 18048K, reserved 1064960K
  class space    used 2256K, capacity 2386K, committed 2432K, reserved 1048576K

Card table byte_map: [0x000000010937e000,0x0000000109b7f000] byte_map_base: 0x0000000105d7e000

Marking Bits: (ParMarkBitMap*) 0x0000000108900f60
 Begin Bits: [0x000000010a0d5000, 0x000000010e0d5000)
 End Bits:   [0x000000010e0d5000, 0x00000001120d5000)

Polling page: 0x0000000107782000

CodeCache: size=245760Kb used=7907Kb max_used=7907Kb free=237852Kb
 bounds [0x0000000113d5b000, 0x000000011451b000, 0x0000000122d5b000]
 total_blobs=2952 nmethods=2367 adapters=498
 compilation: enabled

Compilation events (10 events):
Event: 29.021 Thread 0x00007fdd6f801000 2374   !   3       java.awt.Container::mixOnValidating (99 bytes)
Event: 29.025 Thread 0x00007fdd6f801000 nmethod 2374 0x0000000114514c90 code [0x00000001145150a0, 0x0000000114517a08]
Event: 29.025 Thread 0x00007fdd6f801000 2372       3       java.util.ArrayList::isEmpty (13 bytes)
Event: 29.025 Thread 0x00007fdd6f801000 nmethod 2372 0x0000000113e5c0d0 code [0x0000000113e5c240, 0x0000000113e5c3f0]
Event: 29.025 Thread 0x00007fdd6f801000 2376       3       sun.awt.NullComponentPeer::layout (1 bytes)
Event: 29.025 Thread 0x00007fdd6f801000 nmethod 2376 0x0000000113e69590 code [0x0000000113e696e0, 0x0000000113e69830]
Event: 29.026 Thread 0x00007fdd6f801000 2367       3       java.awt.Window::adjustDecendantsOnParent (1 bytes)
Event: 29.026 Thread 0x00007fdd6f801000 nmethod 2367 0x000000011450dd90 code [0x000000011450dee0, 0x000000011450e030]
Event: 29.026 Thread 0x00007fdd6f801000 2375       1       javax.swing.table.TableColumn::getPreferredWidth (5 bytes)
Event: 29.026 Thread 0x00007fdd6f801000 nmethod 2375 0x0000000113e5e3d0 code [0x0000000113e5e520, 0x0000000113e5e630]

GC Heap History (0 events):
No events

Deoptimization events (10 events):
Event: 24.950 Thread 0x00007fdd70958800 Uncommon trap: reason=unstable_if action=reinterpret pc=0x00000001142c2824 method=java.security.AccessControlContext.optimize()Ljava/security/AccessControlContext; @ 220
Event: 24.971 Thread 0x00007fdd71554000 Uncommon trap: reason=unstable_if action=reinterpret pc=0x00000001140c29a0 method=sun.nio.cs.UTF_8$Encoder.encode([CII[B)I @ 33
Event: 24.991 Thread 0x00007fdd70958800 Uncommon trap: reason=unstable_if action=reinterpret pc=0x000000011436355c method=javax.swing.RepaintManager.addDirtyRegion0(Ljava/awt/Container;IIII)V @ 19
Event: 24.991 Thread 0x00007fdd70958800 Uncommon trap: reason=unstable_if action=reinterpret pc=0x000000011435d780 method=javax.swing.RepaintManager.addDirtyRegion0(Ljava/awt/Container;IIII)V @ 19
Event: 24.991 Thread 0x00007fdd70958800 Uncommon trap: reason=unstable_if action=reinterpret pc=0x0000000114359cb8 method=javax.swing.RepaintManager.addDirtyRegion0(Ljava/awt/Container;IIII)V @ 19
Event: 25.146 Thread 0x00007fdd70958800 Uncommon trap: reason=unstable_if action=reinterpret pc=0x00000001140a40d4 method=sun.awt.SunToolkit.isInstanceOf(Ljava/lang/Class;Ljava/lang/String;)Z @ 14
Event: 25.146 Thread 0x00007fdd70958800 Uncommon trap: reason=unstable_if action=reinterpret pc=0x000000011402d4ac method=sun.awt.SunToolkit.getAppContext(Ljava/lang/Object;)Lsun/awt/AppContext; @ 4
Event: 26.075 Thread 0x00007fdd70958800 Uncommon trap: reason=unstable_if action=reinterpret pc=0x0000000114073b00 method=java.util.HashMap.getNode(ILjava/lang/Object;)Ljava/util/HashMap$Node; @ 62
Event: 26.075 Thread 0x00007fdd70958800 Uncommon trap: reason=bimorphic action=maybe_recompile pc=0x00000001142450ac method=java.util.HashMap.putVal(ILjava/lang/Object;Ljava/lang/Object;ZZ)Ljava/lang/Object; @ 91
Event: 28.944 Thread 0x00007fdd70958800 Uncommon trap: reason=unstable_if action=reinterpret pc=0x000000011407c318 method=java.beans.ChangeListenerMap.get(Ljava/lang/String;)[Ljava/util/EventListener; @ 4

Classes redefined (0 events):
No events

Internal exceptions (10 events):
Event: 0.510 Thread 0x00007fdd70009800 Exception <a 'java/security/PrivilegedActionException'> (0x000000076b083840) thrown at [/jenkins/workspace/8-2-build-macosx-x86_64/jdk8u251/737/hotspot/src/share/vm/prims/jvm.cpp, line 1502]
Event: 0.510 Thread 0x00007fdd70009800 Exception <a 'java/security/PrivilegedActionException'> (0x000000076b084818) thrown at [/jenkins/workspace/8-2-build-macosx-x86_64/jdk8u251/737/hotspot/src/share/vm/prims/jvm.cpp, line 1502]
Event: 0.510 Thread 0x00007fdd70009800 Exception <a 'java/security/PrivilegedActionException'> (0x000000076b084a28) thrown at [/jenkins/workspace/8-2-build-macosx-x86_64/jdk8u251/737/hotspot/src/share/vm/prims/jvm.cpp, line 1502]
Event: 0.510 Thread 0x00007fdd70009800 Exception <a 'java/security/PrivilegedActionException'> (0x000000076b0857f0) thrown at [/jenkins/workspace/8-2-build-macosx-x86_64/jdk8u251/737/hotspot/src/share/vm/prims/jvm.cpp, line 1502]
Event: 0.510 Thread 0x00007fdd70009800 Exception <a 'java/security/PrivilegedActionException'> (0x000000076b085a00) thrown at [/jenkins/workspace/8-2-build-macosx-x86_64/jdk8u251/737/hotspot/src/share/vm/prims/jvm.cpp, line 1502]
Event: 3.145 Thread 0x00007fdd70009800 Exception <a 'java/lang/NoClassDefFoundError': org/apache/log/format/Formatter> (0x000000076bef9dd0) thrown at [/jenkins/workspace/8-2-build-macosx-x86_64/jdk8u251/737/hotspot/src/share/vm/classfile/systemDictionary.cpp, line 199]
Event: 3.146 Thread 0x00007fdd70009800 Exception <a 'java/lang/NoClassDefFoundError': org/apache/log4j/Layout> (0x000000076bf04060) thrown at [/jenkins/workspace/8-2-build-macosx-x86_64/jdk8u251/737/hotspot/src/share/vm/classfile/systemDictionary.cpp, line 199]
Event: 24.947 Thread 0x00007fdd70958800 Implicit null exception at 0x00000001141ae950 to 0x00000001141ae9ac
Event: 24.966 Thread 0x00007fdd70958800 Exception <a 'java/lang/NullPointerException'> (0x000000076ce6d818) thrown at [/jenkins/workspace/8-2-build-macosx-x86_64/jdk8u251/737/hotspot/src/share/vm/prims/jni.cpp, line 736]
Event: 28.944 Thread 0x00007fdd70958800 Implicit null exception at 0x000000011407b339 to 0x000000011407c2f1

Events (10 events):
Event: 29.006 Executing VM operation: RevokeBias
Event: 29.006 Executing VM operation: RevokeBias done
Event: 29.006 Executing VM operation: RevokeBias
Event: 29.006 Executing VM operation: RevokeBias done
Event: 29.019 Thread 0x00007fdd70d96000 Thread added: 0x00007fdd70d96000
Event: 29.022 Executing VM operation: RevokeBias
Event: 29.022 Executing VM operation: RevokeBias done
Event: 29.022 Thread 0x00007fdd70d96000 Thread exited: 0x00007fdd70d96000
Event: 29.042 Executing VM operation: RevokeBias
Event: 29.042 Executing VM operation: RevokeBias done


Dynamic libraries:
0x00007fff513eb000 	/System/Library/Frameworks/Cocoa.framework/Versions/A/Cocoa
0x00007fff5d103000 	/System/Library/Frameworks/Security.framework/Versions/A/Security
0x00007fff50080000 	/System/Library/Frameworks/ApplicationServices.framework/Versions/A/ApplicationServices
0x00007fff7d1c6000 	/usr/lib/libz.1.dylib
0x00007fff7ab20000 	/usr/lib/libSystem.B.dylib
0x00007fff7c357000 	/usr/lib/libobjc.A.dylib
0x00007fff51bd3000 	/System/Library/Frameworks/CoreFoundation.framework/Versions/A/CoreFoundation
0x00007fff53e55000 	/System/Library/Frameworks/Foundation.framework/Versions/C/Foundation
0x00007fff4f279000 	/System/Library/Frameworks/AppKit.framework/Versions/C/AppKit
0x00007fff51766000 	/System/Library/Frameworks/CoreData.framework/Versions/A/CoreData
0x00007fff745f3000 	/System/Library/PrivateFrameworks/RemoteViewServices.framework/Versions/A/RemoteViewServices
0x00007fff78860000 	/System/Library/PrivateFrameworks/UIFoundation.framework/Versions/A/UIFoundation
0x00007fff79f42000 	/System/Library/PrivateFrameworks/XCTTargetBootstrap.framework/Versions/A/XCTTargetBootstrap
0x00007fff51aeb000 	/System/Library/Frameworks/CoreDisplay.framework/Versions/A/CoreDisplay
0x00007fff6f349000 	/System/Library/PrivateFrameworks/IconServices.framework/Versions/A/IconServices
0x00007fff56779000 	/System/Library/Frameworks/Metal.framework/Versions/A/Metal
0x00007fff668c4000 	/System/Library/PrivateFrameworks/DesktopServicesPriv.framework/Versions/A/DesktopServicesPriv
0x00007fff7b6ba000 	/usr/lib/libenergytrace.dylib
0x00007fff76d49000 	/System/Library/PrivateFrameworks/SkyLight.framework/Versions/A/SkyLight
0x00007fff52019000 	/System/Library/Frameworks/CoreGraphics.framework/Versions/A/CoreGraphics
0x00007fff4e045000 	/System/Library/Frameworks/Accelerate.framework/Versions/A/Accelerate
0x00007fff5459d000 	/System/Library/Frameworks/IOSurface.framework/Versions/A/IOSurface
0x00007fff66730000 	/System/Library/PrivateFrameworks/DFRFoundation.framework/Versions/A/DFRFoundation
0x00007fff50563000 	/System/Library/Frameworks/AudioToolbox.framework/Versions/A/AudioToolbox
0x00007fff507dc000 	/System/Library/Frameworks/AudioUnit.framework/Versions/A/AudioUnit
0x00007fff667c5000 	/System/Library/PrivateFrameworks/DataDetectorsCore.framework/Versions/A/DataDetectorsCore
0x00007fff50eef000 	/System/Library/Frameworks/Carbon.framework/Versions/A/Frameworks/HIToolbox.framework/Versions/A/HIToolbox
0x00007fff7b813000 	/usr/lib/libicucore.A.dylib
0x00007fff5c678000 	/System/Library/Frameworks/QuartzCore.framework/Versions/A/QuartzCore
0x00007fff512c3000 	/System/Library/Frameworks/Carbon.framework/Versions/A/Frameworks/SpeechRecognition.framework/Versions/A/SpeechRecognition
0x00007fff7ac74000 	/usr/lib/libauto.dylib
0x00007fff7d0ba000 	/usr/lib/libxml2.2.dylib
0x00007fff6630d000 	/System/Library/PrivateFrameworks/CoreUI.framework/Versions/A/CoreUI
0x00007fff51651000 	/System/Library/Frameworks/CoreAudio.framework/Versions/A/CoreAudio
0x00007fff53c8a000 	/System/Library/Frameworks/DiskArbitration.framework/Versions/A/DiskArbitration
0x00007fff7bac1000 	/usr/lib/liblangid.dylib
0x00007fff70754000 	/System/Library/PrivateFrameworks/MultitouchSupport.framework/Versions/A/MultitouchSupport
0x00007fff5450c000 	/System/Library/Frameworks/IOKit.framework/Versions/A/IOKit
0x00007fff7a6e1000 	/usr/lib/libDiagnosticMessagesClient.dylib
0x00007fff52e28000 	/System/Library/Frameworks/CoreServices.framework/Versions/A/CoreServices
0x00007fff723fb000 	/System/Library/PrivateFrameworks/PerformanceAnalysis.framework/Versions/A/PerformanceAnalysis
0x00007fff5b866000 	/System/Library/Frameworks/OpenGL.framework/Versions/A/OpenGL
0x00007fff513f9000 	/System/Library/Frameworks/ColorSync.framework/Versions/A/ColorSync
0x00007fff526aa000 	/System/Library/Frameworks/CoreImage.framework/Versions/A/CoreImage
0x00007fff53801000 	/System/Library/Frameworks/CoreText.framework/Versions/A/CoreText
0x00007fff54600000 	/System/Library/Frameworks/ImageIO.framework/Versions/A/ImageIO
0x00007fff62962000 	/System/Library/PrivateFrameworks/Backup.framework/Versions/A/Backup
0x00007fff7abc7000 	/usr/lib/libarchive.2.dylib
0x00007fff50b34000 	/System/Library/Frameworks/CFNetwork.framework/Versions/A/CFNetwork
0x00007fff5d85d000 	/System/Library/Frameworks/SystemConfiguration.framework/Versions/A/SystemConfiguration
0x00007fff7a612000 	/usr/lib/libCRFSuite.dylib
0x00007fff7ad63000 	/usr/lib/libc++.1.dylib
0x00007fff7adb7000 	/usr/lib/libc++abi.dylib
0x00007fff7d9bc000 	/usr/lib/system/libcache.dylib
0x00007fff7d9c1000 	/usr/lib/system/libcommonCrypto.dylib
0x00007fff7d9cc000 	/usr/lib/system/libcompiler_rt.dylib
0x00007fff7d9d4000 	/usr/lib/system/libcopyfile.dylib
0x00007fff7d9de000 	/usr/lib/system/libcorecrypto.dylib
0x00007fff7dae9000 	/usr/lib/system/libdispatch.dylib
0x00007fff7db23000 	/usr/lib/system/libdyld.dylib
0x00007fff7db50000 	/usr/lib/system/libkeymgr.dylib
0x00007fff7db5e000 	/usr/lib/system/liblaunch.dylib
0x00007fff7db5f000 	/usr/lib/system/libmacho.dylib
0x00007fff7db65000 	/usr/lib/system/libquarantine.dylib
0x00007fff7db68000 	/usr/lib/system/libremovefile.dylib
0x00007fff7db6a000 	/usr/lib/system/libsystem_asl.dylib
0x00007fff7db82000 	/usr/lib/system/libsystem_blocks.dylib
0x00007fff7db83000 	/usr/lib/system/libsystem_c.dylib
0x00007fff7dc0b000 	/usr/lib/system/libsystem_configuration.dylib
0x00007fff7dc0f000 	/usr/lib/system/libsystem_coreservices.dylib
0x00007fff7dc13000 	/usr/lib/system/libsystem_darwin.dylib
0x00007fff7dc1a000 	/usr/lib/system/libsystem_dnssd.dylib
0x00007fff7dc21000 	/usr/lib/system/libsystem_info.dylib
0x00007fff7dc96000 	/usr/lib/system/libsystem_m.dylib
0x00007fff7dce2000 	/usr/lib/system/libsystem_malloc.dylib
0x00007fff7dd0d000 	/usr/lib/system/libsystem_networkextension.dylib
0x00007fff7dd18000 	/usr/lib/system/libsystem_notify.dylib
0x00007fff7dd35000 	/usr/lib/system/libsystem_sandbox.dylib
0x00007fff7dd39000 	/usr/lib/system/libsystem_secinit.dylib
0x00007fff7dc6d000 	/usr/lib/system/libsystem_kernel.dylib
0x00007fff7dd20000 	/usr/lib/system/libsystem_platform.dylib
0x00007fff7dd2a000 	/usr/lib/system/libsystem_pthread.dylib
0x00007fff7dd3c000 	/usr/lib/system/libsystem_symptoms.dylib
0x00007fff7dd44000 	/usr/lib/system/libsystem_trace.dylib
0x00007fff7dd5b000 	/usr/lib/system/libunwind.dylib
0x00007fff7dd61000 	/usr/lib/system/libxpc.dylib
0x00007fff7ad44000 	/usr/lib/libbsm.0.dylib
0x00007fff7db51000 	/usr/lib/system/libkxld.dylib
0x00007fff61d53000 	/System/Library/PrivateFrameworks/AppleFSCompression.framework/Versions/A/AppleFSCompression
0x00007fff7a9e0000 	/usr/lib/libOpenScriptingUtil.dylib
0x00007fff7b06c000 	/usr/lib/libcoretls.dylib
0x00007fff7b083000 	/usr/lib/libcoretls_cfhelpers.dylib
0x00007fff7caee000 	/usr/lib/libpam.2.dylib
0x00007fff7ccae000 	/usr/lib/libsqlite3.dylib
0x00007fff7d0a8000 	/usr/lib/libxar.1.dylib
0x00007fff7ad55000 	/usr/lib/libbz2.1.0.dylib
0x00007fff7bac3000 	/usr/lib/liblzma.5.dylib
0x00007fff7bf74000 	/usr/lib/libnetwork.dylib
0x00007fff7abb0000 	/usr/lib/libapple_nghttp2.dylib
0x00007fff7caf5000 	/usr/lib/libpcap.A.dylib
0x00007fff531c7000 	/System/Library/Frameworks/CoreServices.framework/Versions/A/Frameworks/FSEvents.framework/Versions/A/FSEvents
0x00007fff52ea6000 	/System/Library/Frameworks/CoreServices.framework/Versions/A/Frameworks/CarbonCore.framework/Versions/A/CarbonCore
0x00007fff53383000 	/System/Library/Frameworks/CoreServices.framework/Versions/A/Frameworks/Metadata.framework/Versions/A/Metadata
0x00007fff53422000 	/System/Library/Frameworks/CoreServices.framework/Versions/A/Frameworks/OSServices.framework/Versions/A/OSServices
0x00007fff5346d000 	/System/Library/Frameworks/CoreServices.framework/Versions/A/Frameworks/SearchKit.framework/Versions/A/SearchKit
0x00007fff52e29000 	/System/Library/Frameworks/CoreServices.framework/Versions/A/Frameworks/AE.framework/Versions/A/AE
0x00007fff531d0000 	/System/Library/Frameworks/CoreServices.framework/Versions/A/Frameworks/LaunchServices.framework/Versions/A/LaunchServices
0x00007fff5317e000 	/System/Library/Frameworks/CoreServices.framework/Versions/A/Frameworks/DictionaryServices.framework/Versions/A/DictionaryServices
0x00007fff534d5000 	/System/Library/Frameworks/CoreServices.framework/Versions/A/Frameworks/SharedFileList.framework/Versions/A/SharedFileList
0x00007fff57841000 	/System/Library/Frameworks/NetFS.framework/Versions/A/NetFS
0x00007fff709ba000 	/System/Library/PrivateFrameworks/NetAuth.framework/Versions/A/NetAuth
0x00007fff7a346000 	/System/Library/PrivateFrameworks/login.framework/Versions/A/Frameworks/loginsupport.framework/Versions/A/loginsupport
0x00007fff78469000 	/System/Library/PrivateFrameworks/TCC.framework/Versions/A/TCC
0x00007fff6596a000 	/System/Library/PrivateFrameworks/CoreNLP.framework/Versions/A/CoreNLP
0x00007fff70450000 	/System/Library/PrivateFrameworks/MetadataUtilities.framework/Versions/A/MetadataUtilities
0x00007fff7bb98000 	/usr/lib/libmecabra.dylib
0x00007fff50081000 	/System/Library/Frameworks/ApplicationServices.framework/Versions/A/Frameworks/ATS.framework/Versions/A/ATS
0x00007fff503d0000 	/System/Library/Frameworks/ApplicationServices.framework/Versions/A/Frameworks/ColorSyncLegacy.framework/Versions/A/ColorSyncLegacy
0x00007fff5046f000 	/System/Library/Frameworks/ApplicationServices.framework/Versions/A/Frameworks/HIServices.framework/Versions/A/HIServices
0x00007fff504c2000 	/System/Library/Frameworks/ApplicationServices.framework/Versions/A/Frameworks/LangAnalysis.framework/Versions/A/LangAnalysis
0x00007fff504d2000 	/System/Library/Frameworks/ApplicationServices.framework/Versions/A/Frameworks/PrintCore.framework/Versions/A/PrintCore
0x00007fff5051c000 	/System/Library/Frameworks/ApplicationServices.framework/Versions/A/Frameworks/QD.framework/Versions/A/QD
0x00007fff50556000 	/System/Library/Frameworks/ApplicationServices.framework/Versions/A/Frameworks/SpeechSynthesis.framework/Versions/A/SpeechSynthesis
0x00007fff7addf000 	/usr/lib/libcompression.dylib
0x00007fff56a49000 	/System/Library/Frameworks/MetalPerformanceShaders.framework/Versions/A/MetalPerformanceShaders
0x00007fff4e05d000 	/System/Library/Frameworks/Accelerate.framework/Versions/A/Frameworks/vImage.framework/Versions/A/vImage
0x00007fff4f0d7000 	/System/Library/Frameworks/Accelerate.framework/Versions/A/Frameworks/vecLib.framework/Versions/A/vecLib
0x00007fff4f023000 	/System/Library/Frameworks/Accelerate.framework/Versions/A/Frameworks/vecLib.framework/Versions/A/libvMisc.dylib
0x00007fff4ee3b000 	/System/Library/Frameworks/Accelerate.framework/Versions/A/Frameworks/vecLib.framework/Versions/A/libvDSP.dylib
0x00007fff4e6f7000 	/System/Library/Frameworks/Accelerate.framework/Versions/A/Frameworks/vecLib.framework/Versions/A/libBLAS.dylib
0x00007fff4e9e4000 	/System/Library/Frameworks/Accelerate.framework/Versions/A/Frameworks/vecLib.framework/Versions/A/libLAPACK.dylib
0x00007fff4ed8e000 	/System/Library/Frameworks/Accelerate.framework/Versions/A/Frameworks/vecLib.framework/Versions/A/libLinearAlgebra.dylib
0x00007fff4ee27000 	/System/Library/Frameworks/Accelerate.framework/Versions/A/Frameworks/vecLib.framework/Versions/A/libSparseBLAS.dylib
0x00007fff4eda4000 	/System/Library/Frameworks/Accelerate.framework/Versions/A/Frameworks/vecLib.framework/Versions/A/libQuadrature.dylib
0x00007fff4e971000 	/System/Library/Frameworks/Accelerate.framework/Versions/A/Frameworks/vecLib.framework/Versions/A/libBNNS.dylib
0x00007fff4edaa000 	/System/Library/Frameworks/Accelerate.framework/Versions/A/Frameworks/vecLib.framework/Versions/A/libSparse.dylib
0x00007fff6ccac000 	/System/Library/PrivateFrameworks/GPUWrangler.framework/Versions/A/GPUWrangler
0x00007fff6ef7e000 	/System/Library/PrivateFrameworks/IOAccelerator.framework/Versions/A/IOAccelerator
0x00007fff6ef89000 	/System/Library/PrivateFrameworks/IOPresentment.framework/Versions/A/IOPresentment
0x00007fff66740000 	/System/Library/PrivateFrameworks/DSExternalDisplay.framework/Versions/A/DSExternalDisplay
0x00007fff5acbd000 	/System/Library/Frameworks/OpenGL.framework/Versions/A/Libraries/libCoreFSCache.dylib
0x00007fff5683d000 	/System/Library/Frameworks/MetalPerformanceShaders.framework/Frameworks/MPSCore.framework/Versions/A/MPSCore
0x00007fff5685d000 	/System/Library/Frameworks/MetalPerformanceShaders.framework/Frameworks/MPSImage.framework/Versions/A/MPSImage
0x00007fff56902000 	/System/Library/Frameworks/MetalPerformanceShaders.framework/Frameworks/MPSNeuralNetwork.framework/Versions/A/MPSNeuralNetwork
0x00007fff568da000 	/System/Library/Frameworks/MetalPerformanceShaders.framework/Frameworks/MPSMatrix.framework/Versions/A/MPSMatrix
0x00007fff56a2e000 	/System/Library/Frameworks/MetalPerformanceShaders.framework/Frameworks/MPSRayIntersector.framework/Versions/A/MPSRayIntersector
0x00007fff70479000 	/System/Library/PrivateFrameworks/MetalTools.framework/Versions/A/MetalTools
0x00007fff61600000 	/System/Library/PrivateFrameworks/AggregateDictionary.framework/Versions/A/AggregateDictionary
0x00007fff7a9c1000 	/usr/lib/libMobileGestalt.dylib
0x00007fff53964000 	/System/Library/Frameworks/CoreVideo.framework/Versions/A/CoreVideo
0x00007fff6dabc000 	/System/Library/PrivateFrameworks/GraphVisualizer.framework/Versions/A/GraphVisualizer
0x00007fff6793c000 	/System/Library/PrivateFrameworks/FaceCore.framework/Versions/A/FaceCore
0x00007fff5a2eb000 	/System/Library/Frameworks/OpenCL.framework/Versions/A/OpenCL
0x00007fff7a719000 	/usr/lib/libFosl_dynamic.dylib
0x00007fff71225000 	/System/Library/PrivateFrameworks/OTSVG.framework/Versions/A/OTSVG
0x00007fff50185000 	/System/Library/Frameworks/ApplicationServices.framework/Versions/A/Frameworks/ATS.framework/Versions/A/Resources/libFontParser.dylib
0x00007fff5029d000 	/System/Library/Frameworks/ApplicationServices.framework/Versions/A/Frameworks/ATS.framework/Versions/A/Resources/libFontRegistry.dylib
0x00007fff5486e000 	/System/Library/Frameworks/ImageIO.framework/Versions/A/Resources/libJPEG.dylib
0x00007fff54b80000 	/System/Library/Frameworks/ImageIO.framework/Versions/A/Resources/libTIFF.dylib
0x00007fff54b56000 	/System/Library/Frameworks/ImageIO.framework/Versions/A/Resources/libPng.dylib
0x00007fff5478c000 	/System/Library/Frameworks/ImageIO.framework/Versions/A/Resources/libGIF.dylib
0x00007fff54791000 	/System/Library/Frameworks/ImageIO.framework/Versions/A/Resources/libJP2.dylib
0x00007fff54b7d000 	/System/Library/Frameworks/ImageIO.framework/Versions/A/Resources/libRadiance.dylib
0x00007fff61eaa000 	/System/Library/PrivateFrameworks/AppleJPEG.framework/Versions/A/AppleJPEG
0x00007fff5acc8000 	/System/Library/Frameworks/OpenGL.framework/Versions/A/Libraries/libGFXShared.dylib
0x00007fff5ae8b000 	/System/Library/Frameworks/OpenGL.framework/Versions/A/Libraries/libGLU.dylib
0x00007fff5acd1000 	/System/Library/Frameworks/OpenGL.framework/Versions/A/Libraries/libGL.dylib
0x00007fff5acdd000 	/System/Library/Frameworks/OpenGL.framework/Versions/A/Libraries/libGLImage.dylib
0x00007fff5acba000 	/System/Library/Frameworks/OpenGL.framework/Versions/A/Libraries/libCVMSPluginSupport.dylib
0x00007fff5acc3000 	/System/Library/Frameworks/OpenGL.framework/Versions/A/Libraries/libCoreVMClient.dylib
0x00007fff7b530000 	/usr/lib/libcups.2.dylib
0x00007fff55d44000 	/System/Library/Frameworks/Kerberos.framework/Versions/A/Kerberos
0x00007fff54271000 	/System/Library/Frameworks/GSS.framework/Versions/A/GSS
0x00007fff7cc43000 	/usr/lib/libresolv.9.dylib
0x00007fff7b722000 	/usr/lib/libiconv.2.dylib
0x00007fff6dc1b000 	/System/Library/PrivateFrameworks/Heimdal.framework/Versions/A/Heimdal
0x00007fff7b6f2000 	/usr/lib/libheimdal-asn1.dylib
0x00007fff5a35f000 	/System/Library/Frameworks/OpenDirectory.framework/Versions/A/OpenDirectory
0x00007fff646cf000 	/System/Library/PrivateFrameworks/CommonAuth.framework/Versions/A/CommonAuth
0x00007fff5a343000 	/System/Library/Frameworks/OpenDirectory.framework/Versions/A/Frameworks/CFOpenDirectory.framework/Versions/A/CFOpenDirectory
0x00007fff5d403000 	/System/Library/Frameworks/SecurityFoundation.framework/Versions/A/SecurityFoundation
0x00007fff60b49000 	/System/Library/PrivateFrameworks/APFS.framework/Versions/A/APFS
0x00007fff7d0a4000 	/usr/lib/libutil.dylib
0x00007fff7adcd000 	/usr/lib/libcharset.1.dylib
0x00007fff62147000 	/System/Library/PrivateFrameworks/AppleSauce.framework/Versions/A/AppleSauce
0x00007fff622c8000 	/System/Library/PrivateFrameworks/AssertionServices.framework/Versions/A/AssertionServices
0x00007fff629f8000 	/System/Library/PrivateFrameworks/BaseBoard.framework/Versions/A/BaseBoard
0x00007fff7baf3000 	/usr/lib/libmecab.1.0.0.dylib
0x00007fff7b6ec000 	/usr/lib/libgermantok.dylib
0x00007fff7ab9d000 	/usr/lib/libThaiTokenizer.dylib
0x00007fff7a649000 	/usr/lib/libChineseTokenizer.dylib
0x00007fff6f637000 	/System/Library/PrivateFrameworks/LanguageModeling.framework/Versions/A/LanguageModeling
0x00007fff653b0000 	/System/Library/PrivateFrameworks/CoreEmoji.framework/Versions/A/CoreEmoji
0x00007fff6f713000 	/System/Library/PrivateFrameworks/Lexicon.framework/Versions/A/Lexicon
0x00007fff6f756000 	/System/Library/PrivateFrameworks/LinguisticData.framework/Versions/A/LinguisticData
0x00007fff7adce000 	/usr/lib/libcmph.dylib
0x00007fff5d4c1000 	/System/Library/Frameworks/ServiceManagement.framework/Versions/A/ServiceManagement
0x00007fff62959000 	/System/Library/PrivateFrameworks/BackgroundTaskManagement.framework/Versions/A/BackgroundTaskManagement
0x00007fff7d19d000 	/usr/lib/libxslt.1.dylib
0x00007fff511f0000 	/System/Library/Frameworks/Carbon.framework/Versions/A/Frameworks/Ink.framework/Versions/A/Ink
0x00007fff786db000 	/System/Library/PrivateFrameworks/TextureIO.framework/Versions/A/TextureIO
0x00007fff7abf1000 	/usr/lib/libate.dylib
0x00007fff6668f000 	/System/Library/PrivateFrameworks/CrashReporterSupport.framework/Versions/A/CrashReporterSupport
0x00007fff75e1a000 	/System/Library/PrivateFrameworks/Sharing.framework/Versions/A/Sharing
0x00007fff626ab000 	/System/Library/PrivateFrameworks/AuthKit.framework/Versions/A/AuthKit
0x00007fff61bff000 	/System/Library/PrivateFrameworks/Apple80211.framework/Versions/A/Apple80211
0x00007fff66439000 	/System/Library/PrivateFrameworks/CoreUtils.framework/Versions/A/CoreUtils
0x00007fff539a4000 	/System/Library/Frameworks/CoreWLAN.framework/Versions/A/CoreWLAN
0x00007fff543a0000 	/System/Library/Frameworks/IOBluetooth.framework/Versions/A/IOBluetooth
0x00007fff7429a000 	/System/Library/PrivateFrameworks/ProtocolBuffer.framework/Versions/A/ProtocolBuffer
0x00007fff706b0000 	/System/Library/PrivateFrameworks/MobileKeyBag.framework/Versions/A/MobileKeyBag
0x00007fff65c7d000 	/System/Library/PrivateFrameworks/CorePhoneNumbers.framework/Versions/A/CorePhoneNumbers
0x00007fff61e5e000 	/System/Library/PrivateFrameworks/AppleIDAuthSupport.framework/Versions/A/AppleIDAuthSupport
0x00007fff6f60a000 	/System/Library/PrivateFrameworks/KeychainCircle.framework/Versions/A/KeychainCircle
0x00007fff74450000 	/System/Library/PrivateFrameworks/ROCKit.framework/Versions/A/ROCKit
0x00007fff6662b000 	/System/Library/PrivateFrameworks/CoreWiFi.framework/Versions/A/CoreWiFi
0x00007fff5173b000 	/System/Library/Frameworks/CoreBluetooth.framework/Versions/A/CoreBluetooth
0x00007fff66886000 	/System/Library/PrivateFrameworks/DebugSymbols.framework/Versions/A/DebugSymbols
0x00007fff661f9000 	/System/Library/PrivateFrameworks/CoreSymbolication.framework/Versions/A/CoreSymbolication
0x00007fff77ef6000 	/System/Library/PrivateFrameworks/Symbolication.framework/Versions/A/Symbolication
0x00007fff77799000 	/System/Library/PrivateFrameworks/SpeechRecognitionCore.framework/Versions/A/SpeechRecognitionCore
0x0000000108000000 	/Library/Internet Plug-Ins/JavaAppletPlugin.plugin/Contents/Home/lib/server/libjvm.dylib
0x00007fff7cf7f000 	/usr/lib/libstdc++.6.dylib
0x000000010773e000 	/Library/Internet Plug-Ins/JavaAppletPlugin.plugin/Contents/Home/lib/libverify.dylib
0x000000010774c000 	/Library/Internet Plug-Ins/JavaAppletPlugin.plugin/Contents/Home/lib/libjava.dylib
0x00000001077cc000 	/Library/Internet Plug-Ins/JavaAppletPlugin.plugin/Contents/Home/lib/libzip.dylib
0x00000001234ec000 	/Library/Internet Plug-Ins/JavaAppletPlugin.plugin/Contents/Home/lib/libawt.dylib
0x0000000123595000 	/Library/Internet Plug-Ins/JavaAppletPlugin.plugin/Contents/Home/lib/./libmlib_image.dylib
0x00007fff55d2d000 	/System/Library/Frameworks/JavaVM.framework/Versions/A/Frameworks/JavaNativeFoundation.framework/Versions/A/JavaNativeFoundation
0x00007fff55d36000 	/System/Library/Frameworks/JavaVM.framework/Versions/A/Frameworks/JavaRuntimeSupport.framework/Versions/A/JavaRuntimeSupport
0x00007fff55d3f000 	/System/Library/Frameworks/JavaVM.framework/Versions/A/JavaVM
0x00007fff6f528000 	/System/Library/PrivateFrameworks/JavaLaunching.framework/Versions/A/JavaLaunching
0x00007fff50eea000 	/System/Library/Frameworks/Carbon.framework/Versions/A/Carbon
0x00007fff50eeb000 	/System/Library/Frameworks/Carbon.framework/Versions/A/Frameworks/CommonPanels.framework/Versions/A/CommonPanels
0x00007fff511e6000 	/System/Library/Frameworks/Carbon.framework/Versions/A/Frameworks/Help.framework/Versions/A/Help
0x00007fff511ea000 	/System/Library/Frameworks/Carbon.framework/Versions/A/Frameworks/ImageCapture.framework/Versions/A/ImageCapture
0x00007fff51286000 	/System/Library/Frameworks/Carbon.framework/Versions/A/Frameworks/OpenScripting.framework/Versions/A/OpenScripting
0x00007fff512be000 	/System/Library/Frameworks/Carbon.framework/Versions/A/Frameworks/Print.framework/Versions/A/Print
0x00007fff512c0000 	/System/Library/Frameworks/Carbon.framework/Versions/A/Frameworks/SecurityHI.framework/Versions/A/SecurityHI
0x0000000123661000 	/Library/Internet Plug-Ins/JavaAppletPlugin.plugin/Contents/Home/lib/libawt_lwawt.dylib
0x000000012371c000 	/Library/Internet Plug-Ins/JavaAppletPlugin.plugin/Contents/Home/lib/./libosxapp.dylib
0x00007fff53e2e000 	/System/Library/Frameworks/ExceptionHandling.framework/Versions/A/ExceptionHandling
0x00007fff65e01000 	/System/Library/PrivateFrameworks/CoreServicesInternal.framework/Versions/A/CoreServicesInternal
0x00007fff463e8000 	/System/Library/CoreServices/RawCamera.bundle/Contents/MacOS/RawCamera
0x00007fff7051c000 	/System/Library/PrivateFrameworks/MobileAsset.framework/Versions/A/MobileAsset
0x00007fff77e44000 	/System/Library/PrivateFrameworks/StreamingZip.framework/Versions/A/StreamingZip
0x00007fff560d1000 	/System/Library/Frameworks/MediaToolbox.framework/Versions/A/MediaToolbox
0x00007fff64f55000 	/System/Library/PrivateFrameworks/CoreAVCHD.framework/Versions/A/CoreAVCHD
0x00007fff56017000 	/System/Library/Frameworks/MediaAccessibility.framework/Versions/A/MediaAccessibility
0x00007fff6ff79000 	/System/Library/PrivateFrameworks/Mangrove.framework/Versions/A/Mangrove
0x00007fff52cc7000 	/System/Library/Frameworks/CoreMedia.framework/Versions/A/CoreMedia
0x00007fff5db29000 	/System/Library/Frameworks/VideoToolbox.framework/Versions/A/VideoToolbox
0x00007fff64b71000 	/System/Library/PrivateFrameworks/CoreAUC.framework/Versions/A/CoreAUC
0x00007fff7ccac000 	/usr/lib/libspindump.dylib
0x00007fff6222d000 	/System/Library/PrivateFrameworks/AppleVA.framework/Versions/A/AppleVA
0x00007fff4e046000 	/System/Library/Frameworks/Accelerate.framework/Versions/A/Frameworks/vImage.framework/Versions/A/Libraries/libCGInterfaces.dylib
0x00007fff50339000 	/System/Library/Frameworks/ApplicationServices.framework/Versions/A/Frameworks/ATS.framework/Versions/A/Resources/libTrueTypeScaler.dylib
0x00007fff496f9000 	/System/Library/Extensions/AppleIntelBDWGraphicsMTLDriver.bundle/Contents/MacOS/AppleIntelBDWGraphicsMTLDriver
0x00007fff6b60b000 	/System/Library/PrivateFrameworks/GPUCompiler.framework/Versions/3902/Libraries/libmetal_timestamp.dylib
0x00007fff67d61000 	/System/Library/PrivateFrameworks/FamilyControls.framework/Versions/A/FamilyControls
0x00007fff646c2000 	/System/Library/PrivateFrameworks/CommerceKit.framework/Versions/A/Frameworks/CommerceCore.framework/Versions/A/CommerceCore
0x00007fff781c9000 	/System/Library/PrivateFrameworks/SystemAdministration.framework/Versions/A/SystemAdministration
0x00007fff61b00000 	/System/Library/PrivateFrameworks/AppContainer.framework/Versions/A/AppContainer
0x00007fff61b1c000 	/System/Library/PrivateFrameworks/AppSandbox.framework/Versions/A/AppSandbox
0x00007fff75cbb000 	/System/Library/PrivateFrameworks/SecCodeWrapper.framework/Versions/A/SecCodeWrapper
0x00007fff7cc5d000 	/usr/lib/libsandbox.1.dylib
0x00007fff7a990000 	/usr/lib/libMatch.1.dylib
0x00007fff66c0b000 	/System/Library/PrivateFrameworks/DiskManagement.framework/Versions/A/DiskManagement
0x00007fff53baa000 	/System/Library/Frameworks/DirectoryService.framework/Versions/A/DirectoryService
0x00007fff66b3c000 	/System/Library/PrivateFrameworks/DiskImages.framework/Versions/A/DiskImages
0x00007fff6f84f000 	/System/Library/PrivateFrameworks/LoginUIKit.framework/Versions/A/Frameworks/LoginUICore.framework/Versions/A/LoginUICore
0x00007fff7a654000 	/usr/lib/libCoreStorage.dylib
0x00007fff7b51d000 	/usr/lib/libcsfde.dylib
0x00007fff7cadd000 	/usr/lib/libodfde.dylib
0x00007fff70091000 	/System/Library/PrivateFrameworks/MediaKit.framework/Versions/A/MediaKit
0x00007fff53bb6000 	/System/Library/Frameworks/DiscRecording.framework/Versions/A/DiscRecording
0x00007fff66d7d000 	/System/Library/PrivateFrameworks/EFILogin.framework/Versions/A/EFILogin
0x00007fff74245000 	/System/Library/PrivateFrameworks/ProtectedCloudStorage.framework/Versions/A/ProtectedCloudStorage
0x00007fff7b5af000 	/usr/lib/libcurl.4.dylib
0x00007fff7b41c000 	/usr/lib/libcrypto.42.dylib
0x00007fff7cf4f000 	/usr/lib/libssl.44.dylib
0x00007fff55d5e000 	/System/Library/Frameworks/LDAP.framework/Versions/A/LDAP
0x00007fff78859000 	/System/Library/PrivateFrameworks/TrustEvaluationAgent.framework/Versions/A/TrustEvaluationAgent
0x00007fff7cc99000 	/usr/lib/libsasl2.2.dylib
0x00007fff651ad000 	/System/Library/PrivateFrameworks/CoreDaemon.framework/Versions/B/CoreDaemon
0x00007fff62142000 	/System/Library/PrivateFrameworks/AppleSRP.framework/Versions/A/AppleSRP
0x00007fff79692000 	/System/Library/PrivateFrameworks/ViewBridge.framework/Versions/A/ViewBridge
0x0000000127c96000 	/Library/Internet Plug-Ins/JavaAppletPlugin.plugin/Contents/Home/lib/libfontmanager.dylib
0x0000000127cfe000 	/Library/Internet Plug-Ins/JavaAppletPlugin.plugin/Contents/Home/lib/libosxui.dylib
0x00007fff5b876000 	/System/Library/Frameworks/OpenGL.framework/Versions/A/Resources/GLEngine.bundle/GLEngine
0x00007fff5ad18000 	/System/Library/Frameworks/OpenGL.framework/Versions/A/Libraries/libGLProgrammability.dylib
0x00007fff491f4000 	/System/Library/Extensions/AppleIntelBDWGraphicsGLDriver.bundle/Contents/MacOS/AppleIntelBDWGraphicsGLDriver
0x00007fff6cca0000 	/System/Library/PrivateFrameworks/GPUSupport.framework/Versions/A/Libraries/libGPUSupportMercury.dylib
0x00007fff5ba0e000 	/System/Library/Frameworks/OpenGL.framework/Versions/A/Resources/GLRendererFloat.bundle/GLRendererFloat
0x00007fff5a2e2000 	/System/Library/Frameworks/OpenCL.framework/Versions/A/Libraries/libcldcpuengine.dylib
0x00007fff7b222000 	/usr/lib/libcrypto.35.dylib
0x00000001290ef000 	/Library/Internet Plug-Ins/JavaAppletPlugin.plugin/Contents/Home/lib/libnet.dylib
0x0000000129106000 	/Library/Internet Plug-Ins/JavaAppletPlugin.plugin/Contents/Home/lib/libnio.dylib
0x00000001271b0000 	/usr/lib/libobjc-trampolines.dylib
0x00007fff63a2c000 	/System/Library/PrivateFrameworks/CloudDocs.framework/Versions/A/CloudDocs
0x00007fff67d88000 	/System/Library/PrivateFrameworks/FileProvider.framework/Versions/A/FileProvider
0x00007fff77857000 	/System/Library/PrivateFrameworks/SpotlightIndex.framework/Versions/A/SpotlightIndex
0x00007fff77f82000 	/System/Library/PrivateFrameworks/SymptomDiagnosticReporter.framework/Versions/A/SymptomDiagnosticReporter
0x00007fff6d03e000 	/System/Library/PrivateFrameworks/GenerationalStorage.framework/Versions/A/GenerationalStorage
0x00007fff638c3000 	/System/Library/PrivateFrameworks/ChunkingLibrary.framework/Versions/A/ChunkingLibrary
0x00007fff73e39000 	/System/Library/PrivateFrameworks/PowerLog.framework/Versions/A/PowerLog
0x00007fff64fa3000 	/System/Library/PrivateFrameworks/CoreAnalytics.framework/Versions/A/CoreAnalytics

VM Arguments:
java_command: /Users/akimi/Python/lofter/AozoraEpub3/AozoraEpub3.jar
java_class_path (initial): /Users/akimi/Python/lofter/AozoraEpub3/AozoraEpub3.jar
Launcher Type: SUN_STANDARD

Environment Variables:
PATH=/usr/bin:/bin:/usr/sbin:/sbin
SHELL=/bin/zsh

Signal Handlers:
SIGSEGV: [libjvm.dylib+0x5bc2ff], sa_mask[0]=11111111011111110111111111111111, sa_flags=SA_ONSTACK|SA_RESTART|SA_SIGINFO
SIGBUS: [libjvm.dylib+0x5bc2ff], sa_mask[0]=11111111011111110111111111111111, sa_flags=SA_RESTART|SA_SIGINFO
SIGFPE: [libjvm.dylib+0x48d41c], sa_mask[0]=11111111011111110111111111111111, sa_flags=SA_RESTART|SA_SIGINFO
SIGPIPE: [libjvm.dylib+0x48d41c], sa_mask[0]=11111111011111110111111111111111, sa_flags=SA_RESTART|SA_SIGINFO
SIGXFSZ: [libjvm.dylib+0x48d41c], sa_mask[0]=11111111011111110111111111111111, sa_flags=SA_RESTART|SA_SIGINFO
SIGILL: [libjvm.dylib+0x48d41c], sa_mask[0]=11111111011111110111111111111111, sa_flags=SA_RESTART|SA_SIGINFO
SIGUSR1: SIG_DFL, sa_mask[0]=00000000000000000000000000000000, sa_flags=none
SIGUSR2: [libjvm.dylib+0x48cf3a], sa_mask[0]=00000000000000000000000000000000, sa_flags=SA_RESTART|SA_SIGINFO
SIGHUP: [libjvm.dylib+0x48b4c5], sa_mask[0]=11111111011111110111111111111111, sa_flags=SA_RESTART|SA_SIGINFO
SIGINT: [libjvm.dylib+0x48b4c5], sa_mask[0]=11111111011111110111111111111111, sa_flags=SA_RESTART|SA_SIGINFO
SIGTERM: [libjvm.dylib+0x48b4c5], sa_mask[0]=11111111011111110111111111111111, sa_flags=SA_RESTART|SA_SIGINFO
SIGQUIT: [libjvm.dylib+0x48b4c5], sa_mask[0]=11111111011111110111111111111111, sa_flags=SA_RESTART|SA_SIGINFO


---------------  S Y S T E M  ---------------

OS:Bsduname:Darwin 18.6.0 Darwin Kernel Version 18.6.0: Thu Apr 25 23:16:27 PDT 2019; root:xnu-4903.261.4~2/RELEASE_X86_64 x86_64
rlimit: STACK 8192k, CORE 0k, NPROC 1418, NOFILE 10240, AS infinity
load average:2.15 2.29 2.27

CPU:total 4 (initial active 4) (2 cores per cpu, 2 threads per core) family 6 model 61 stepping 4, cmov, cx8, fxsr, mmx, sse, sse2, sse3, ssse3, sse4.1, sse4.2, popcnt, avx, avx2, aes, clmul, erms, 3dnowpref, lzcnt, ht, tsc, tscinvbit, bmi1, bmi2, adx

Memory: 4k page, physical 16777216k(125276k free)

/proc/meminfo:


vm_info: Java HotSpot(TM) 64-Bit Server VM (25.251-b08) for bsd-amd64 JRE (1.8.0_251-b08), built on Mar 12 2020 02:36:37 by "java_re" with gcc 4.2.1 (Based on Apple Inc. build 5658) (LLVM build 2336.11.00)

time: Thu Jun 18 17:30:13 2020
timezone: CST
elapsed time: 29 seconds (0d 0h 0m 29s)

