#
# A fatal error has been detected by the Java Runtime Environment:
#
#  SIGSEGV (0xb) at pc=0x00007fff7c36e770, pid=21708, tid=0x0000000000000307
#
# JRE version: Java(TM) SE Runtime Environment (8.0_251-b08) (build 1.8.0_251-b08)
# Java VM: Java HotSpot(TM) 64-Bit Server VM (25.251-b08 mixed mode bsd-amd64 compressed oops)
# Problematic frame:
# C  [libobjc.A.dylib+0x17770]  initializeNonMetaClass+0x24
#
# Failed to write core dump. Core dumps have been disabled. To enable core dumping, try "ulimit -c unlimited" before starting Java again
#
# If you would like to submit a bug report, please visit:
#   http://bugreport.java.com/bugreport/crash.jsp
# The crash happened outside the Java Virtual Machine in native code.
# See problematic frame for where to report the bug.
#

---------------  T H R E A D  ---------------

Current thread (0x00007fc64b8c6000):  JavaThread "AppKit Thread" daemon [_thread_in_native, id=775, stack(0x00007ffee4ae5000,0x00007ffee52e5000)]

siginfo: si_signo: 11 (SIGSEGV), si_code: 1 (SEGV_MAPERR), si_addr: 0x00000000000007e8

Registers:
RAX=0x0000000000000307, RBX=0x00007ffffffffff8, RCX=0x0000000000000000, RDX=0x0000000000000001
RSP=0x00007ffee52e02e0, RBP=0x00007ffee52e0310, RSI=0x00007fc64d8f23e0, RDI=0x00007fffacc43d88
R8 =0x0000000000000000, R9 =0x0000000000000001, R10=0x00007fffacc43d88, R11=0x00007fff511e4e71
R12=0x00007fffacc43d88, R13=0x0000000000000001, R14=0x00000000000007c8, R15=0x00007fffacc43d88
RIP=0x00007fff7c36e770, EFLAGS=0x0000000000010202, ERR=0x0000000000000004
  TRAPNO=0x000000000000000e

Top of Stack: (sp=0x00007ffee52e02e0)
0x00007ffee52e02e0:   0000000000000307 00007fffacfa61d8
0x00007ffee52e02f0:   00007fffacc43d88 0000000000000001
0x00007ffee52e0300:   0000000000000001 00007fffacc43d88
0x00007ffee52e0310:   00007ffee52e0340 00007fff7c36f62f
0x00007ffee52e0320:   00007fffacc43d88 0000000000000000
0x00007ffee52e0330:   00007fc64d8f23e0 00007fff681a3839
0x00007ffee52e0340:   00007ffee52e03a0 00007fff7c35e690
0x00007ffee52e0350:   0000000000000000 00007fc64d9f5b40
0x00007ffee52e0360:   00007ffee52e0380 00000001acc45848
0x00007ffee52e0370:   00007ffee52e03b0 00007ffee52e04b0
0x00007ffee52e0380:   0000000000000000 00007fc64d9f5b40
0x00007ffee52e0390:   00007fc64dc1ee20 0000000000000000
0x00007ffee52e03a0:   00007ffee52e0470 00007fff7c35e114
0x00007ffee52e03b0:   00007fc64dc1f5b0 00000000000001ff
0x00007ffee52e03c0:   00007fc64d8f23e0 00007fc64d9f5b40
0x00007ffee52e03d0:   00007fff681a3839 00007fc64d8f23e0
0x00007ffee52e03e0:   00007fc64d9f5b40 0000000000000000
0x00007ffee52e03f0:   0000000000000000 0000000000000000
0x00007ffee52e0400:   0000000000000000 0000000000000000
0x00007ffee52e0410:   0000000000000000 0000000000000000
0x00007ffee52e0420:   0000000000000000 0000000000000000
0x00007ffee52e0430:   0000000000000000 0000000000000000
0x00007ffee52e0440:   bff0000000000000 0000000000000000
0x00007ffee52e0450:   0000000000000000 0000000000000000
0x00007ffee52e0460:   00000000fffffffe 00000000fffffffe
0x00007ffee52e0470:   00007ffee52e0480 00007fff51c71596
0x00007ffee52e0480:   00007ffee52e04a0 00007fff51c71510
0x00007ffee52e0490:   00007fc64dc1f5b0 0000000000000000
0x00007ffee52e04a0:   00007ffee52e0510 00007fff51c7147a
0x00007ffee52e04b0:   00007fffb449d070 00000000c2000000
0x00007ffee52e04c0:   00007fff51c714d1 00007ffface7a370
0x00007ffee52e04d0:   00007fc64dc1f5b0 00007fc64d9f5b40 

Instructions: (pc=0x00007fff7c36e770)
0x00007fff7c36e750:   41 57 41 56 41 55 41 54 53 50 49 89 fc 48 bb f8
0x00007fff7c36e760:   ff ff ff ff 7f 00 00 4c 8b 77 08 4d 85 f6 74 2b
0x00007fff7c36e770:   49 8b 46 20 48 21 d8 48 8b 48 08 f6 01 01 75 0d
0x00007fff7c36e780:   49 8b 06 48 21 d8 48 8b 40 20 48 21 d8 f6 40 03 

Register to memory mapping:

RAX=0x0000000000000307 is an unknown value
RBX=0x00007ffffffffff8 is an unknown value
RCX=0x0000000000000000 is an unknown value
RDX=0x0000000000000001 is an unknown value
RSP=0x00007ffee52e02e0 is pointing into the stack for thread: 0x00007fc64b8c6000
RBP=0x00007ffee52e0310 is pointing into the stack for thread: 0x00007fc64b8c6000
RSI=0x00007fc64d8f23e0 is an unknown value
RDI=0x00007fffacc43d88: __block_descriptor_40_e8_32o_e17_^{__CFArray=}8@?0l+0xc8b0 in /System/Library/Frameworks/Carbon.framework/Versions/A/Frameworks/HIToolbox.framework/Versions/A/HIToolbox at 0x00007fff50eef000
R8 =0x0000000000000000 is an unknown value
R9 =0x0000000000000001 is an unknown value
R10=0x00007fffacc43d88: __block_descriptor_40_e8_32o_e17_^{__CFArray=}8@?0l+0xc8b0 in /System/Library/Frameworks/Carbon.framework/Versions/A/Frameworks/HIToolbox.framework/Versions/A/HIToolbox at 0x00007fff50eef000
R11=0x00007fff511e4e71: kHIToolboxVersionNumber+0x3df79 in /System/Library/Frameworks/Carbon.framework/Versions/A/Frameworks/HIToolbox.framework/Versions/A/HIToolbox at 0x00007fff50eef000
R12=0x00007fffacc43d88: __block_descriptor_40_e8_32o_e17_^{__CFArray=}8@?0l+0xc8b0 in /System/Library/Frameworks/Carbon.framework/Versions/A/Frameworks/HIToolbox.framework/Versions/A/HIToolbox at 0x00007fff50eef000
R13=0x0000000000000001 is an unknown value
R14=0x00000000000007c8 is an unknown value
R15=0x00007fffacc43d88: __block_descriptor_40_e8_32o_e17_^{__CFArray=}8@?0l+0xc8b0 in /System/Library/Frameworks/Carbon.framework/Versions/A/Frameworks/HIToolbox.framework/Versions/A/HIToolbox at 0x00007fff50eef000


Stack: [0x00007ffee4ae5000,0x00007ffee52e5000],  sp=0x00007ffee52e02e0,  free space=8172k
Native frames: (J=compiled Java code, j=interpreted, Vv=VM code, C=native code)
C  [libobjc.A.dylib+0x17770]  initializeNonMetaClass+0x24
C  [libobjc.A.dylib+0x1862f]  _ZL24initializeAndMaybeRelockP10objc_classP11objc_objectR8mutex_ttILb0EEb+0xbb
C  [libobjc.A.dylib+0x7690]  lookUpImpOrForward+0xe4
C  [libobjc.A.dylib+0x7114]  _objc_msgSend_uncached+0x44
C  [CoreFoundation+0x9e596]  __CFNOTIFICATIONCENTER_IS_CALLING_OUT_TO_AN_OBSERVER__+0xc
C  [CoreFoundation+0x9e510]  ___CFXRegistrationPost_block_invoke+0x3f
C  [CoreFoundation+0x9e47a]  _CFXRegistrationPost+0x194
C  [CoreFoundation+0xa6928]  ___CFXNotificationPost_block_invoke+0x57
C  [CoreFoundation+0xf384]  -[_CFXNotificationRegistrar find:object:observer:enumerator:]+0x66a
C  [CoreFoundation+0xe737]  _CFXNotificationPost+0x2dc
C  [Foundation+0x1206b]  -[NSNotificationCenter postNotificationName:object:userInfo:]+0x42
C  [CoreFoundation+0x9e596]  __CFNOTIFICATIONCENTER_IS_CALLING_OUT_TO_AN_OBSERVER__+0xc
C  [CoreFoundation+0x9e510]  ___CFXRegistrationPost_block_invoke+0x3f
C  [CoreFoundation+0x78164]  __CFRUNLOOP_IS_CALLING_OUT_TO_A_BLOCK__+0xc
C  [CoreFoundation+0x3b887]  __CFRunLoopDoBlocks+0x18a
C  [CoreFoundation+0x3afa6]  __CFRunLoopRun+0x496
C  [CoreFoundation+0x3a8be]  CFRunLoopRunSpecific+0x1c7
C  [HIToolbox+0xa96b]  RunCurrentEventLoopInMode+0x124
C  [HIToolbox+0xa6a5]  ReceiveNextEventCommon+0x25b
C  [HIToolbox+0xa436]  _BlockUntilNextEventMatchingListInModeWithFilter+0x40
C  [AppKit+0x1a987]  _DPSNextEvent+0x3c5
C  [AppKit+0x1971f]  -[NSApplication(NSEvent) _nextEventMatchingEventMask:untilDate:inMode:dequeue:]+0x551
C  [libosxapp.dylib+0x2328]  -[NSApplicationAWT nextEventMatchingMask:untilDate:inMode:dequeue:]+0x7c
C  [AppKit+0x1383c]  -[NSApplication run]+0x2bb
C  [libosxapp.dylib+0x1f72]  +[NSApplicationAWT runAWTLoopWithApp:]+0x9c
C  [libawt_lwawt.dylib+0x4803b]  -[AWTStarter starter:]+0x389
C  [Foundation+0xb07f2]  __NSThreadPerformPerform+0x148
C  [CoreFoundation+0x58083]  __CFRUNLOOP_IS_CALLING_OUT_TO_A_SOURCE0_PERFORM_FUNCTION__+0x11
C  [CoreFoundation+0x58029]  __CFRunLoopDoSource0+0x6c
C  [CoreFoundation+0x3b9eb]  __CFRunLoopDoSources0+0xc3
C  [CoreFoundation+0x3afb5]  __CFRunLoopRun+0x4a5
C  [CoreFoundation+0x3a8be]  CFRunLoopRunSpecific+0x1c7
C  [java+0x646e]  CreateExecutionEnvironment+0x367
C  [java+0x203c]  JLI_Launch+0x7a0
C  [java+0x84cb]  main+0x65
C  [java+0x1894]  start+0x34
C  0x0000000000000003


---------------  P R O C E S S  ---------------

Java Threads: ( => current thread )
  0x00007fc64b31a000 JavaThread "DestroyJavaVM" [_thread_blocked, id=10243, stack(0x00007000001dd000,0x00007000002dd000)]
  0x00007fc64bb3e800 JavaThread "AWT-EventQueue-0" [_thread_in_native, id=54803, stack(0x000070000169f000,0x000070000179f000)]
  0x00007fc64c10f800 JavaThread "TimerQueue" daemon [_thread_blocked, id=78339, stack(0x0000700001499000,0x0000700001599000)]
  0x00007fc64c112800 JavaThread "Java2D Disposer" daemon [_thread_blocked, id=80675, stack(0x0000700001396000,0x0000700001496000)]
  0x00007fc64b1f4800 JavaThread "Java2D Queue Flusher" daemon [_thread_blocked, id=44043, stack(0x0000700001293000,0x0000700001393000)]
  0x00007fc64b8d3800 JavaThread "AWT-Shutdown" [_thread_blocked, id=25131, stack(0x000070000110d000,0x000070000120d000)]
=>0x00007fc64b8c6000 JavaThread "AppKit Thread" daemon [_thread_in_native, id=775, stack(0x00007ffee4ae5000,0x00007ffee52e5000)]
  0x00007fc64a814000 JavaThread "Service Thread" daemon [_thread_blocked, id=14083, stack(0x0000700000e01000,0x0000700000f01000)]
  0x00007fc64c02f800 JavaThread "C1 CompilerThread2" daemon [_thread_blocked, id=13827, stack(0x0000700000cfe000,0x0000700000dfe000)]
  0x00007fc64c02f000 JavaThread "C2 CompilerThread1" daemon [_thread_blocked, id=17923, stack(0x0000700000bfb000,0x0000700000cfb000)]
  0x00007fc64b81c800 JavaThread "C2 CompilerThread0" daemon [_thread_blocked, id=18179, stack(0x0000700000af8000,0x0000700000bf8000)]
  0x00007fc64c02c800 JavaThread "Signal Dispatcher" daemon [_thread_blocked, id=18435, stack(0x00007000009f5000,0x0000700000af5000)]
  0x00007fc64b024800 JavaThread "Finalizer" daemon [_thread_blocked, id=20227, stack(0x00007000008f2000,0x00007000009f2000)]
  0x00007fc64c01e000 JavaThread "Reference Handler" daemon [_thread_blocked, id=20739, stack(0x00007000007ef000,0x00007000008ef000)]

Other Threads:
  0x00007fc64a811000 VMThread [stack: 0x00007000006ec000,0x00007000007ec000] [id=11779]
  0x00007fc64c02d800 WatcherThread [stack: 0x0000700000f04000,0x0000700001004000] [id=14339]

VM state:not at safepoint (normal execution)

VM Mutex/Monitor currently owned by a thread: None

heap address: 0x00000006c0000000, size: 4096 MB, Compressed Oops mode: Zero based, Oop shift amount: 3
Narrow klass base: 0x0000000000000000, Narrow klass shift: 3
Compressed class space size: 1073741824 Address: 0x00000007c0000000

Heap:
 PSYoungGen      total 76288K, used 24303K [0x000000076ab00000, 0x0000000770000000, 0x00000007c0000000)
  eden space 65536K, 20% used [0x000000076ab00000,0x000000076b83be68,0x000000076eb00000)
  from space 10752K, 99% used [0x000000076eb00000,0x000000076f57fde8,0x000000076f580000)
  to   space 10752K, 0% used [0x000000076f580000,0x000000076f580000,0x0000000770000000)
 ParOldGen       total 175104K, used 11155K [0x00000006c0000000, 0x00000006cab00000, 0x000000076ab00000)
  object space 175104K, 6% used [0x00000006c0000000,0x00000006c0ae4c58,0x00000006cab00000)
 Metaspace       used 17865K, capacity 18310K, committed 18560K, reserved 1064960K
  class space    used 2275K, capacity 2419K, committed 2432K, reserved 1048576K

Card table byte_map: [0x000000010c5c0000,0x000000010cdc1000] byte_map_base: 0x0000000108fc0000

Marking Bits: (ParMarkBitMap*) 0x000000010b283f60
 Begin Bits: [0x000000011f620000, 0x0000000123620000)
 End Bits:   [0x0000000123620000, 0x0000000127620000)

Polling page: 0x000000010b985000

CodeCache: size=245760Kb used=8790Kb max_used=9179Kb free=236969Kb
 bounds [0x0000000110620000, 0x0000000110f20000, 0x000000011f620000]
 total_blobs=3206 nmethods=2609 adapters=509
 compilation: enabled

Compilation events (10 events):
Event: 44.316 Thread 0x00007fc64c02f800 2807       3       sun.awt.NullComponentPeer::getInsets (5 bytes)
Event: 44.316 Thread 0x00007fc64c02f800 nmethod 2807 0x000000011074e5d0 code [0x000000011074e740, 0x000000011074ea10]
Event: 44.316 Thread 0x00007fc64c02f800 2808       3       sun.awt.NullComponentPeer::insets (12 bytes)
Event: 44.316 Thread 0x00007fc64c02f800 nmethod 2808 0x000000011074e0d0 code [0x000000011074e240, 0x000000011074e4b0]
Event: 44.317 Thread 0x00007fc64c02f800 2810       3       sun.awt.shell.ShellFolder::getShellFolder (35 bytes)
Event: 44.317 Thread 0x00007fc64c02f800 nmethod 2810 0x000000011097f210 code [0x000000011097f400, 0x000000011097fc78]
Event: 44.317 Thread 0x00007fc64c02f800 2812       3       com.apple.laf.AquaFileSystemModel$SortableFile::<init> (52 bytes)
Event: 44.317 Thread 0x00007fc64c02f800 nmethod 2812 0x00000001107c7f50 code [0x00000001107c80e0, 0x00000001107c85b8]
Event: 44.317 Thread 0x00007fc64c02f800 2811       3       javax.swing.filechooser.FileSystemView::isHiddenFile (5 bytes)
Event: 44.318 Thread 0x00007fc64c02f800 nmethod 2811 0x00000001107c7b10 code [0x00000001107c7c80, 0x00000001107c7ea8]

GC Heap History (2 events):
Event: 36.705 GC heap before
{Heap before GC invocations=1 (full 0):
 PSYoungGen      total 76288K, used 65536K [0x000000076ab00000, 0x0000000770000000, 0x00000007c0000000)
  eden space 65536K, 100% used [0x000000076ab00000,0x000000076eb00000,0x000000076eb00000)
  from space 10752K, 0% used [0x000000076f580000,0x000000076f580000,0x0000000770000000)
  to   space 10752K, 0% used [0x000000076eb00000,0x000000076eb00000,0x000000076f580000)
 ParOldGen       total 175104K, used 0K [0x00000006c0000000, 0x00000006cab00000, 0x000000076ab00000)
  object space 175104K, 0% used [0x00000006c0000000,0x00000006c0000000,0x00000006cab00000)
 Metaspace       used 17750K, capacity 18230K, committed 18304K, reserved 1064960K
  class space    used 2270K, capacity 2417K, committed 2432K, reserved 1048576K
Event: 36.722 GC heap after
Heap after GC invocations=1 (full 0):
 PSYoungGen      total 76288K, used 10751K [0x000000076ab00000, 0x0000000770000000, 0x00000007c0000000)
  eden space 65536K, 0% used [0x000000076ab00000,0x000000076ab00000,0x000000076eb00000)
  from space 10752K, 99% used [0x000000076eb00000,0x000000076f57fde8,0x000000076f580000)
  to   space 10752K, 0% used [0x000000076f580000,0x000000076f580000,0x0000000770000000)
 ParOldGen       total 175104K, used 11155K [0x00000006c0000000, 0x00000006cab00000, 0x000000076ab00000)
  object space 175104K, 6% used [0x00000006c0000000,0x00000006c0ae4c58,0x00000006cab00000)
 Metaspace       used 17750K, capacity 18230K, committed 18304K, reserved 1064960K
  class space    used 2270K, capacity 2417K, committed 2432K, reserved 1048576K
}

Deoptimization events (10 events):
Event: 23.143 Thread 0x00007fc64bb3e800 Uncommon trap: reason=class_check action=maybe_recompile pc=0x0000000110de629c method=java.awt.EventQueue.setCurrentEventAndMostRecentTimeImpl(Ljava/awt/AWTEvent;)V @ 53
Event: 23.151 Thread 0x00007fc64bb3e800 Uncommon trap: reason=class_check action=maybe_recompile pc=0x0000000110c96f98 method=java.awt.EventQueue.coalesceEvent(Ljava/awt/AWTEvent;I)Z @ 77
Event: 23.152 Thread 0x00007fc64bb3e800 Uncommon trap: reason=speculate_class_check action=maybe_recompile pc=0x0000000110dd9414 method=java.awt.LightweightDispatcher.retargetMouseEvent(Ljava/awt/Component;ILjava/awt/event/MouseEvent;)V @ 70
Event: 23.159 Thread 0x00007fc64bb3e800 Uncommon trap: reason=speculate_class_check action=maybe_recompile pc=0x0000000110dd9414 method=java.awt.LightweightDispatcher.retargetMouseEvent(Ljava/awt/Component;ILjava/awt/event/MouseEvent;)V @ 70
Event: 23.161 Thread 0x00007fc64c10f800 Uncommon trap: reason=class_check action=maybe_recompile pc=0x0000000110c96f98 method=java.awt.EventQueue.coalesceEvent(Ljava/awt/AWTEvent;I)Z @ 77
Event: 36.722 Thread 0x00007fc64aa40000 Uncommon trap: reason=unstable_if action=reinterpret pc=0x000000011098c460 method=sun.nio.cs.UTF_8$Encoder.encode([CII[B)I @ 33
Event: 44.229 Thread 0x00007fc64bb3e800 Uncommon trap: reason=unstable_if action=reinterpret pc=0x0000000110ea1bb0 method=java.awt.Container.findComponentAt(IIZ)Ljava/awt/Component; @ 12
Event: 44.229 Thread 0x00007fc64bb3e800 Uncommon trap: reason=unstable_if action=reinterpret pc=0x0000000110e44c6c method=java.awt.EventQueue.getPriority(Ljava/awt/AWTEvent;)I @ 22
Event: 44.231 Thread 0x00007fc64bb3e800 Uncommon trap: reason=unstable_if action=reinterpret pc=0x00000001109385d8 method=java.beans.ChangeListenerMap.get(Ljava/lang/String;)[Ljava/util/EventListener; @ 4
Event: 44.234 Thread 0x00007fc64bb3e800 Uncommon trap: reason=unstable_if action=reinterpret pc=0x0000000110d3a11c method=java.lang.ref.SoftReference.get()Ljava/lang/Object; @ 17

Classes redefined (0 events):
No events

Internal exceptions (10 events):
Event: 0.473 Thread 0x00007fc64b801800 Exception <a 'java/security/PrivilegedActionException'> (0x000000076b084998) thrown at [/jenkins/workspace/8-2-build-macosx-x86_64/jdk8u251/737/hotspot/src/share/vm/prims/jvm.cpp, line 1502]
Event: 0.473 Thread 0x00007fc64b801800 Exception <a 'java/security/PrivilegedActionException'> (0x000000076b085760) thrown at [/jenkins/workspace/8-2-build-macosx-x86_64/jdk8u251/737/hotspot/src/share/vm/prims/jvm.cpp, line 1502]
Event: 0.473 Thread 0x00007fc64b801800 Exception <a 'java/security/PrivilegedActionException'> (0x000000076b085970) thrown at [/jenkins/workspace/8-2-build-macosx-x86_64/jdk8u251/737/hotspot/src/share/vm/prims/jvm.cpp, line 1502]
Event: 2.838 Thread 0x00007fc64b801800 Exception <a 'java/lang/NoClassDefFoundError': org/apache/log/format/Formatter> (0x000000076bef9c70) thrown at [/jenkins/workspace/8-2-build-macosx-x86_64/jdk8u251/737/hotspot/src/share/vm/classfile/systemDictionary.cpp, line 199]
Event: 2.838 Thread 0x00007fc64b801800 Exception <a 'java/lang/NoClassDefFoundError': org/apache/log4j/Priority> (0x000000076bf03fc0) thrown at [/jenkins/workspace/8-2-build-macosx-x86_64/jdk8u251/737/hotspot/src/share/vm/classfile/systemDictionary.cpp, line 199]
Event: 5.447 Thread 0x00007fc64bb3e800 Implicit null exception at 0x0000000110a5d690 to 0x0000000110a5d6ec
Event: 21.741 Thread 0x00007fc64bb3e800 Exception <a 'java/lang/NullPointerException'> (0x000000076d584048) thrown at [/jenkins/workspace/8-2-build-macosx-x86_64/jdk8u251/737/hotspot/src/share/vm/prims/jni.cpp, line 736]
Event: 36.726 Thread 0x00007fc64b024800 Exception <a 'java/lang/NullPointerException'> (0x000000076af02670) thrown at [/jenkins/workspace/8-2-build-macosx-x86_64/jdk8u251/737/hotspot/src/share/vm/interpreter/linkResolver.cpp, line 1185]
Event: 36.727 Thread 0x00007fc64b024800 Exception <a 'java/lang/NullPointerException'> (0x000000076af02910) thrown at [/jenkins/workspace/8-2-build-macosx-x86_64/jdk8u251/737/hotspot/src/share/vm/interpreter/linkResolver.cpp, line 1185]
Event: 44.230 Thread 0x00007fc64bb3e800 Implicit null exception at 0x00000001109375f9 to 0x00000001109385b1

Events (10 events):
Event: 44.303 Executing VM operation: RevokeBias
Event: 44.303 Executing VM operation: RevokeBias done
Event: 44.303 Executing VM operation: RevokeBias
Event: 44.303 Executing VM operation: RevokeBias done
Event: 44.316 Thread 0x00007fc64c1c0000 Thread added: 0x00007fc64c1c0000
Event: 44.317 Executing VM operation: RevokeBias
Event: 44.317 Executing VM operation: RevokeBias done
Event: 44.317 Thread 0x00007fc64c1c0000 Thread exited: 0x00007fc64c1c0000
Event: 44.327 Executing VM operation: RevokeBias
Event: 44.327 Executing VM operation: RevokeBias done


Dynamic libraries:
0x00007fff513eb000 	/System/Library/Frameworks/Cocoa.framework/Versions/A/Cocoa
0x00007fff5d103000 	/System/Library/Frameworks/Security.framework/Versions/A/Security
0x00007fff50080000 	/System/Library/Frameworks/ApplicationServices.framework/Versions/A/ApplicationServices
0x00007fff7d1c6000 	/usr/lib/libz.1.dylib
0x00007fff7ab20000 	/usr/lib/libSystem.B.dylib
0x00007fff7c357000 	/usr/lib/libobjc.A.dylib
0x00007fff51bd3000 	/System/Library/Frameworks/CoreFoundation.framework/Versions/A/CoreFoundation
0x00007fff53e55000 	/System/Library/Frameworks/Foundation.framework/Versions/C/Foundation
0x00007fff4f279000 	/System/Library/Frameworks/AppKit.framework/Versions/C/AppKit
0x00007fff51766000 	/System/Library/Frameworks/CoreData.framework/Versions/A/CoreData
0x00007fff745f3000 	/System/Library/PrivateFrameworks/RemoteViewServices.framework/Versions/A/RemoteViewServices
0x00007fff78860000 	/System/Library/PrivateFrameworks/UIFoundation.framework/Versions/A/UIFoundation
0x00007fff79f42000 	/System/Library/PrivateFrameworks/XCTTargetBootstrap.framework/Versions/A/XCTTargetBootstrap
0x00007fff51aeb000 	/System/Library/Frameworks/CoreDisplay.framework/Versions/A/CoreDisplay
0x00007fff6f349000 	/System/Library/PrivateFrameworks/IconServices.framework/Versions/A/IconServices
0x00007fff56779000 	/System/Library/Frameworks/Metal.framework/Versions/A/Metal
0x00007fff668c4000 	/System/Library/PrivateFrameworks/DesktopServicesPriv.framework/Versions/A/DesktopServicesPriv
0x00007fff7b6ba000 	/usr/lib/libenergytrace.dylib
0x00007fff76d49000 	/System/Library/PrivateFrameworks/SkyLight.framework/Versions/A/SkyLight
0x00007fff52019000 	/System/Library/Frameworks/CoreGraphics.framework/Versions/A/CoreGraphics
0x00007fff4e045000 	/System/Library/Frameworks/Accelerate.framework/Versions/A/Accelerate
0x00007fff5459d000 	/System/Library/Frameworks/IOSurface.framework/Versions/A/IOSurface
0x00007fff66730000 	/System/Library/PrivateFrameworks/DFRFoundation.framework/Versions/A/DFRFoundation
0x00007fff50563000 	/System/Library/Frameworks/AudioToolbox.framework/Versions/A/AudioToolbox
0x00007fff507dc000 	/System/Library/Frameworks/AudioUnit.framework/Versions/A/AudioUnit
0x00007fff667c5000 	/System/Library/PrivateFrameworks/DataDetectorsCore.framework/Versions/A/DataDetectorsCore
0x00007fff50eef000 	/System/Library/Frameworks/Carbon.framework/Versions/A/Frameworks/HIToolbox.framework/Versions/A/HIToolbox
0x00007fff7b813000 	/usr/lib/libicucore.A.dylib
0x00007fff5c678000 	/System/Library/Frameworks/QuartzCore.framework/Versions/A/QuartzCore
0x00007fff512c3000 	/System/Library/Frameworks/Carbon.framework/Versions/A/Frameworks/SpeechRecognition.framework/Versions/A/SpeechRecognition
0x00007fff7ac74000 	/usr/lib/libauto.dylib
0x00007fff7d0ba000 	/usr/lib/libxml2.2.dylib
0x00007fff6630d000 	/System/Library/PrivateFrameworks/CoreUI.framework/Versions/A/CoreUI
0x00007fff51651000 	/System/Library/Frameworks/CoreAudio.framework/Versions/A/CoreAudio
0x00007fff53c8a000 	/System/Library/Frameworks/DiskArbitration.framework/Versions/A/DiskArbitration
0x00007fff7bac1000 	/usr/lib/liblangid.dylib
0x00007fff70754000 	/System/Library/PrivateFrameworks/MultitouchSupport.framework/Versions/A/MultitouchSupport
0x00007fff5450c000 	/System/Library/Frameworks/IOKit.framework/Versions/A/IOKit
0x00007fff7a6e1000 	/usr/lib/libDiagnosticMessagesClient.dylib
0x00007fff52e28000 	/System/Library/Frameworks/CoreServices.framework/Versions/A/CoreServices
0x00007fff723fb000 	/System/Library/PrivateFrameworks/PerformanceAnalysis.framework/Versions/A/PerformanceAnalysis
0x00007fff5b866000 	/System/Library/Frameworks/OpenGL.framework/Versions/A/OpenGL
0x00007fff513f9000 	/System/Library/Frameworks/ColorSync.framework/Versions/A/ColorSync
0x00007fff526aa000 	/System/Library/Frameworks/CoreImage.framework/Versions/A/CoreImage
0x00007fff53801000 	/System/Library/Frameworks/CoreText.framework/Versions/A/CoreText
0x00007fff54600000 	/System/Library/Frameworks/ImageIO.framework/Versions/A/ImageIO
0x00007fff62962000 	/System/Library/PrivateFrameworks/Backup.framework/Versions/A/Backup
0x00007fff7abc7000 	/usr/lib/libarchive.2.dylib
0x00007fff50b34000 	/System/Library/Frameworks/CFNetwork.framework/Versions/A/CFNetwork
0x00007fff5d85d000 	/System/Library/Frameworks/SystemConfiguration.framework/Versions/A/SystemConfiguration
0x00007fff7a612000 	/usr/lib/libCRFSuite.dylib
0x00007fff7ad63000 	/usr/lib/libc++.1.dylib
0x00007fff7adb7000 	/usr/lib/libc++abi.dylib
0x00007fff7d9bc000 	/usr/lib/system/libcache.dylib
0x00007fff7d9c1000 	/usr/lib/system/libcommonCrypto.dylib
0x00007fff7d9cc000 	/usr/lib/system/libcompiler_rt.dylib
0x00007fff7d9d4000 	/usr/lib/system/libcopyfile.dylib
0x00007fff7d9de000 	/usr/lib/system/libcorecrypto.dylib
0x00007fff7dae9000 	/usr/lib/system/libdispatch.dylib
0x00007fff7db23000 	/usr/lib/system/libdyld.dylib
0x00007fff7db50000 	/usr/lib/system/libkeymgr.dylib
0x00007fff7db5e000 	/usr/lib/system/liblaunch.dylib
0x00007fff7db5f000 	/usr/lib/system/libmacho.dylib
0x00007fff7db65000 	/usr/lib/system/libquarantine.dylib
0x00007fff7db68000 	/usr/lib/system/libremovefile.dylib
0x00007fff7db6a000 	/usr/lib/system/libsystem_asl.dylib
0x00007fff7db82000 	/usr/lib/system/libsystem_blocks.dylib
0x00007fff7db83000 	/usr/lib/system/libsystem_c.dylib
0x00007fff7dc0b000 	/usr/lib/system/libsystem_configuration.dylib
0x00007fff7dc0f000 	/usr/lib/system/libsystem_coreservices.dylib
0x00007fff7dc13000 	/usr/lib/system/libsystem_darwin.dylib
0x00007fff7dc1a000 	/usr/lib/system/libsystem_dnssd.dylib
0x00007fff7dc21000 	/usr/lib/system/libsystem_info.dylib
0x00007fff7dc96000 	/usr/lib/system/libsystem_m.dylib
0x00007fff7dce2000 	/usr/lib/system/libsystem_malloc.dylib
0x00007fff7dd0d000 	/usr/lib/system/libsystem_networkextension.dylib
0x00007fff7dd18000 	/usr/lib/system/libsystem_notify.dylib
0x00007fff7dd35000 	/usr/lib/system/libsystem_sandbox.dylib
0x00007fff7dd39000 	/usr/lib/system/libsystem_secinit.dylib
0x00007fff7dc6d000 	/usr/lib/system/libsystem_kernel.dylib
0x00007fff7dd20000 	/usr/lib/system/libsystem_platform.dylib
0x00007fff7dd2a000 	/usr/lib/system/libsystem_pthread.dylib
0x00007fff7dd3c000 	/usr/lib/system/libsystem_symptoms.dylib
0x00007fff7dd44000 	/usr/lib/system/libsystem_trace.dylib
0x00007fff7dd5b000 	/usr/lib/system/libunwind.dylib
0x00007fff7dd61000 	/usr/lib/system/libxpc.dylib
0x00007fff7ad44000 	/usr/lib/libbsm.0.dylib
0x00007fff7db51000 	/usr/lib/system/libkxld.dylib
0x00007fff61d53000 	/System/Library/PrivateFrameworks/AppleFSCompression.framework/Versions/A/AppleFSCompression
0x00007fff7a9e0000 	/usr/lib/libOpenScriptingUtil.dylib
0x00007fff7b06c000 	/usr/lib/libcoretls.dylib
0x00007fff7b083000 	/usr/lib/libcoretls_cfhelpers.dylib
0x00007fff7caee000 	/usr/lib/libpam.2.dylib
0x00007fff7ccae000 	/usr/lib/libsqlite3.dylib
0x00007fff7d0a8000 	/usr/lib/libxar.1.dylib
0x00007fff7ad55000 	/usr/lib/libbz2.1.0.dylib
0x00007fff7bac3000 	/usr/lib/liblzma.5.dylib
0x00007fff7bf74000 	/usr/lib/libnetwork.dylib
0x00007fff7abb0000 	/usr/lib/libapple_nghttp2.dylib
0x00007fff7caf5000 	/usr/lib/libpcap.A.dylib
0x00007fff531c7000 	/System/Library/Frameworks/CoreServices.framework/Versions/A/Frameworks/FSEvents.framework/Versions/A/FSEvents
0x00007fff52ea6000 	/System/Library/Frameworks/CoreServices.framework/Versions/A/Frameworks/CarbonCore.framework/Versions/A/CarbonCore
0x00007fff53383000 	/System/Library/Frameworks/CoreServices.framework/Versions/A/Frameworks/Metadata.framework/Versions/A/Metadata
0x00007fff53422000 	/System/Library/Frameworks/CoreServices.framework/Versions/A/Frameworks/OSServices.framework/Versions/A/OSServices
0x00007fff5346d000 	/System/Library/Frameworks/CoreServices.framework/Versions/A/Frameworks/SearchKit.framework/Versions/A/SearchKit
0x00007fff52e29000 	/System/Library/Frameworks/CoreServices.framework/Versions/A/Frameworks/AE.framework/Versions/A/AE
0x00007fff531d0000 	/System/Library/Frameworks/CoreServices.framework/Versions/A/Frameworks/LaunchServices.framework/Versions/A/LaunchServices
0x00007fff5317e000 	/System/Library/Frameworks/CoreServices.framework/Versions/A/Frameworks/DictionaryServices.framework/Versions/A/DictionaryServices
0x00007fff534d5000 	/System/Library/Frameworks/CoreServices.framework/Versions/A/Frameworks/SharedFileList.framework/Versions/A/SharedFileList
0x00007fff57841000 	/System/Library/Frameworks/NetFS.framework/Versions/A/NetFS
0x00007fff709ba000 	/System/Library/PrivateFrameworks/NetAuth.framework/Versions/A/NetAuth
0x00007fff7a346000 	/System/Library/PrivateFrameworks/login.framework/Versions/A/Frameworks/loginsupport.framework/Versions/A/loginsupport
0x00007fff78469000 	/System/Library/PrivateFrameworks/TCC.framework/Versions/A/TCC
0x00007fff6596a000 	/System/Library/PrivateFrameworks/CoreNLP.framework/Versions/A/CoreNLP
0x00007fff70450000 	/System/Library/PrivateFrameworks/MetadataUtilities.framework/Versions/A/MetadataUtilities
0x00007fff7bb98000 	/usr/lib/libmecabra.dylib
0x00007fff50081000 	/System/Library/Frameworks/ApplicationServices.framework/Versions/A/Frameworks/ATS.framework/Versions/A/ATS
0x00007fff503d0000 	/System/Library/Frameworks/ApplicationServices.framework/Versions/A/Frameworks/ColorSyncLegacy.framework/Versions/A/ColorSyncLegacy
0x00007fff5046f000 	/System/Library/Frameworks/ApplicationServices.framework/Versions/A/Frameworks/HIServices.framework/Versions/A/HIServices
0x00007fff504c2000 	/System/Library/Frameworks/ApplicationServices.framework/Versions/A/Frameworks/LangAnalysis.framework/Versions/A/LangAnalysis
0x00007fff504d2000 	/System/Library/Frameworks/ApplicationServices.framework/Versions/A/Frameworks/PrintCore.framework/Versions/A/PrintCore
0x00007fff5051c000 	/System/Library/Frameworks/ApplicationServices.framework/Versions/A/Frameworks/QD.framework/Versions/A/QD
0x00007fff50556000 	/System/Library/Frameworks/ApplicationServices.framework/Versions/A/Frameworks/SpeechSynthesis.framework/Versions/A/SpeechSynthesis
0x00007fff7addf000 	/usr/lib/libcompression.dylib
0x00007fff56a49000 	/System/Library/Frameworks/MetalPerformanceShaders.framework/Versions/A/MetalPerformanceShaders
0x00007fff4e05d000 	/System/Library/Frameworks/Accelerate.framework/Versions/A/Frameworks/vImage.framework/Versions/A/vImage
0x00007fff4f0d7000 	/System/Library/Frameworks/Accelerate.framework/Versions/A/Frameworks/vecLib.framework/Versions/A/vecLib
0x00007fff4f023000 	/System/Library/Frameworks/Accelerate.framework/Versions/A/Frameworks/vecLib.framework/Versions/A/libvMisc.dylib
0x00007fff4ee3b000 	/System/Library/Frameworks/Accelerate.framework/Versions/A/Frameworks/vecLib.framework/Versions/A/libvDSP.dylib
0x00007fff4e6f7000 	/System/Library/Frameworks/Accelerate.framework/Versions/A/Frameworks/vecLib.framework/Versions/A/libBLAS.dylib
0x00007fff4e9e4000 	/System/Library/Frameworks/Accelerate.framework/Versions/A/Frameworks/vecLib.framework/Versions/A/libLAPACK.dylib
0x00007fff4ed8e000 	/System/Library/Frameworks/Accelerate.framework/Versions/A/Frameworks/vecLib.framework/Versions/A/libLinearAlgebra.dylib
0x00007fff4ee27000 	/System/Library/Frameworks/Accelerate.framework/Versions/A/Frameworks/vecLib.framework/Versions/A/libSparseBLAS.dylib
0x00007fff4eda4000 	/System/Library/Frameworks/Accelerate.framework/Versions/A/Frameworks/vecLib.framework/Versions/A/libQuadrature.dylib
0x00007fff4e971000 	/System/Library/Frameworks/Accelerate.framework/Versions/A/Frameworks/vecLib.framework/Versions/A/libBNNS.dylib
0x00007fff4edaa000 	/System/Library/Frameworks/Accelerate.framework/Versions/A/Frameworks/vecLib.framework/Versions/A/libSparse.dylib
0x00007fff6ccac000 	/System/Library/PrivateFrameworks/GPUWrangler.framework/Versions/A/GPUWrangler
0x00007fff6ef7e000 	/System/Library/PrivateFrameworks/IOAccelerator.framework/Versions/A/IOAccelerator
0x00007fff6ef89000 	/System/Library/PrivateFrameworks/IOPresentment.framework/Versions/A/IOPresentment
0x00007fff66740000 	/System/Library/PrivateFrameworks/DSExternalDisplay.framework/Versions/A/DSExternalDisplay
0x00007fff5acbd000 	/System/Library/Frameworks/OpenGL.framework/Versions/A/Libraries/libCoreFSCache.dylib
0x00007fff5683d000 	/System/Library/Frameworks/MetalPerformanceShaders.framework/Frameworks/MPSCore.framework/Versions/A/MPSCore
0x00007fff5685d000 	/System/Library/Frameworks/MetalPerformanceShaders.framework/Frameworks/MPSImage.framework/Versions/A/MPSImage
0x00007fff56902000 	/System/Library/Frameworks/MetalPerformanceShaders.framework/Frameworks/MPSNeuralNetwork.framework/Versions/A/MPSNeuralNetwork
0x00007fff568da000 	/System/Library/Frameworks/MetalPerformanceShaders.framework/Frameworks/MPSMatrix.framework/Versions/A/MPSMatrix
0x00007fff56a2e000 	/System/Library/Frameworks/MetalPerformanceShaders.framework/Frameworks/MPSRayIntersector.framework/Versions/A/MPSRayIntersector
0x00007fff70479000 	/System/Library/PrivateFrameworks/MetalTools.framework/Versions/A/MetalTools
0x00007fff61600000 	/System/Library/PrivateFrameworks/AggregateDictionary.framework/Versions/A/AggregateDictionary
0x00007fff7a9c1000 	/usr/lib/libMobileGestalt.dylib
0x00007fff53964000 	/System/Library/Frameworks/CoreVideo.framework/Versions/A/CoreVideo
0x00007fff6dabc000 	/System/Library/PrivateFrameworks/GraphVisualizer.framework/Versions/A/GraphVisualizer
0x00007fff6793c000 	/System/Library/PrivateFrameworks/FaceCore.framework/Versions/A/FaceCore
0x00007fff5a2eb000 	/System/Library/Frameworks/OpenCL.framework/Versions/A/OpenCL
0x00007fff7a719000 	/usr/lib/libFosl_dynamic.dylib
0x00007fff71225000 	/System/Library/PrivateFrameworks/OTSVG.framework/Versions/A/OTSVG
0x00007fff50185000 	/System/Library/Frameworks/ApplicationServices.framework/Versions/A/Frameworks/ATS.framework/Versions/A/Resources/libFontParser.dylib
0x00007fff5029d000 	/System/Library/Frameworks/ApplicationServices.framework/Versions/A/Frameworks/ATS.framework/Versions/A/Resources/libFontRegistry.dylib
0x00007fff5486e000 	/System/Library/Frameworks/ImageIO.framework/Versions/A/Resources/libJPEG.dylib
0x00007fff54b80000 	/System/Library/Frameworks/ImageIO.framework/Versions/A/Resources/libTIFF.dylib
0x00007fff54b56000 	/System/Library/Frameworks/ImageIO.framework/Versions/A/Resources/libPng.dylib
0x00007fff5478c000 	/System/Library/Frameworks/ImageIO.framework/Versions/A/Resources/libGIF.dylib
0x00007fff54791000 	/System/Library/Frameworks/ImageIO.framework/Versions/A/Resources/libJP2.dylib
0x00007fff54b7d000 	/System/Library/Frameworks/ImageIO.framework/Versions/A/Resources/libRadiance.dylib
0x00007fff61eaa000 	/System/Library/PrivateFrameworks/AppleJPEG.framework/Versions/A/AppleJPEG
0x00007fff5acc8000 	/System/Library/Frameworks/OpenGL.framework/Versions/A/Libraries/libGFXShared.dylib
0x00007fff5ae8b000 	/System/Library/Frameworks/OpenGL.framework/Versions/A/Libraries/libGLU.dylib
0x00007fff5acd1000 	/System/Library/Frameworks/OpenGL.framework/Versions/A/Libraries/libGL.dylib
0x00007fff5acdd000 	/System/Library/Frameworks/OpenGL.framework/Versions/A/Libraries/libGLImage.dylib
0x00007fff5acba000 	/System/Library/Frameworks/OpenGL.framework/Versions/A/Libraries/libCVMSPluginSupport.dylib
0x00007fff5acc3000 	/System/Library/Frameworks/OpenGL.framework/Versions/A/Libraries/libCoreVMClient.dylib
0x00007fff7b530000 	/usr/lib/libcups.2.dylib
0x00007fff55d44000 	/System/Library/Frameworks/Kerberos.framework/Versions/A/Kerberos
0x00007fff54271000 	/System/Library/Frameworks/GSS.framework/Versions/A/GSS
0x00007fff7cc43000 	/usr/lib/libresolv.9.dylib
0x00007fff7b722000 	/usr/lib/libiconv.2.dylib
0x00007fff6dc1b000 	/System/Library/PrivateFrameworks/Heimdal.framework/Versions/A/Heimdal
0x00007fff7b6f2000 	/usr/lib/libheimdal-asn1.dylib
0x00007fff5a35f000 	/System/Library/Frameworks/OpenDirectory.framework/Versions/A/OpenDirectory
0x00007fff646cf000 	/System/Library/PrivateFrameworks/CommonAuth.framework/Versions/A/CommonAuth
0x00007fff5a343000 	/System/Library/Frameworks/OpenDirectory.framework/Versions/A/Frameworks/CFOpenDirectory.framework/Versions/A/CFOpenDirectory
0x00007fff5d403000 	/System/Library/Frameworks/SecurityFoundation.framework/Versions/A/SecurityFoundation
0x00007fff60b49000 	/System/Library/PrivateFrameworks/APFS.framework/Versions/A/APFS
0x00007fff7d0a4000 	/usr/lib/libutil.dylib
0x00007fff7adcd000 	/usr/lib/libcharset.1.dylib
0x00007fff62147000 	/System/Library/PrivateFrameworks/AppleSauce.framework/Versions/A/AppleSauce
0x00007fff622c8000 	/System/Library/PrivateFrameworks/AssertionServices.framework/Versions/A/AssertionServices
0x00007fff629f8000 	/System/Library/PrivateFrameworks/BaseBoard.framework/Versions/A/BaseBoard
0x00007fff7baf3000 	/usr/lib/libmecab.1.0.0.dylib
0x00007fff7b6ec000 	/usr/lib/libgermantok.dylib
0x00007fff7ab9d000 	/usr/lib/libThaiTokenizer.dylib
0x00007fff7a649000 	/usr/lib/libChineseTokenizer.dylib
0x00007fff6f637000 	/System/Library/PrivateFrameworks/LanguageModeling.framework/Versions/A/LanguageModeling
0x00007fff653b0000 	/System/Library/PrivateFrameworks/CoreEmoji.framework/Versions/A/CoreEmoji
0x00007fff6f713000 	/System/Library/PrivateFrameworks/Lexicon.framework/Versions/A/Lexicon
0x00007fff6f756000 	/System/Library/PrivateFrameworks/LinguisticData.framework/Versions/A/LinguisticData
0x00007fff7adce000 	/usr/lib/libcmph.dylib
0x00007fff5d4c1000 	/System/Library/Frameworks/ServiceManagement.framework/Versions/A/ServiceManagement
0x00007fff62959000 	/System/Library/PrivateFrameworks/BackgroundTaskManagement.framework/Versions/A/BackgroundTaskManagement
0x00007fff7d19d000 	/usr/lib/libxslt.1.dylib
0x00007fff511f0000 	/System/Library/Frameworks/Carbon.framework/Versions/A/Frameworks/Ink.framework/Versions/A/Ink
0x00007fff786db000 	/System/Library/PrivateFrameworks/TextureIO.framework/Versions/A/TextureIO
0x00007fff7abf1000 	/usr/lib/libate.dylib
0x00007fff6668f000 	/System/Library/PrivateFrameworks/CrashReporterSupport.framework/Versions/A/CrashReporterSupport
0x00007fff75e1a000 	/System/Library/PrivateFrameworks/Sharing.framework/Versions/A/Sharing
0x00007fff626ab000 	/System/Library/PrivateFrameworks/AuthKit.framework/Versions/A/AuthKit
0x00007fff61bff000 	/System/Library/PrivateFrameworks/Apple80211.framework/Versions/A/Apple80211
0x00007fff66439000 	/System/Library/PrivateFrameworks/CoreUtils.framework/Versions/A/CoreUtils
0x00007fff539a4000 	/System/Library/Frameworks/CoreWLAN.framework/Versions/A/CoreWLAN
0x00007fff543a0000 	/System/Library/Frameworks/IOBluetooth.framework/Versions/A/IOBluetooth
0x00007fff7429a000 	/System/Library/PrivateFrameworks/ProtocolBuffer.framework/Versions/A/ProtocolBuffer
0x00007fff706b0000 	/System/Library/PrivateFrameworks/MobileKeyBag.framework/Versions/A/MobileKeyBag
0x00007fff65c7d000 	/System/Library/PrivateFrameworks/CorePhoneNumbers.framework/Versions/A/CorePhoneNumbers
0x00007fff61e5e000 	/System/Library/PrivateFrameworks/AppleIDAuthSupport.framework/Versions/A/AppleIDAuthSupport
0x00007fff6f60a000 	/System/Library/PrivateFrameworks/KeychainCircle.framework/Versions/A/KeychainCircle
0x00007fff74450000 	/System/Library/PrivateFrameworks/ROCKit.framework/Versions/A/ROCKit
0x00007fff6662b000 	/System/Library/PrivateFrameworks/CoreWiFi.framework/Versions/A/CoreWiFi
0x00007fff5173b000 	/System/Library/Frameworks/CoreBluetooth.framework/Versions/A/CoreBluetooth
0x00007fff66886000 	/System/Library/PrivateFrameworks/DebugSymbols.framework/Versions/A/DebugSymbols
0x00007fff661f9000 	/System/Library/PrivateFrameworks/CoreSymbolication.framework/Versions/A/CoreSymbolication
0x00007fff77ef6000 	/System/Library/PrivateFrameworks/Symbolication.framework/Versions/A/Symbolication
0x00007fff77799000 	/System/Library/PrivateFrameworks/SpeechRecognitionCore.framework/Versions/A/SpeechRecognitionCore
0x000000010a983000 	/Library/Internet Plug-Ins/JavaAppletPlugin.plugin/Contents/Home/lib/server/libjvm.dylib
0x00007fff7cf7f000 	/usr/lib/libstdc++.6.dylib
0x000000010b941000 	/Library/Internet Plug-Ins/JavaAppletPlugin.plugin/Contents/Home/lib/libverify.dylib
0x000000010b94f000 	/Library/Internet Plug-Ins/JavaAppletPlugin.plugin/Contents/Home/lib/libjava.dylib
0x000000010b9cf000 	/Library/Internet Plug-Ins/JavaAppletPlugin.plugin/Contents/Home/lib/libzip.dylib
0x000000010f668000 	/Library/Internet Plug-Ins/JavaAppletPlugin.plugin/Contents/Home/lib/libawt.dylib
0x000000010f711000 	/Library/Internet Plug-Ins/JavaAppletPlugin.plugin/Contents/Home/lib/./libmlib_image.dylib
0x00007fff55d2d000 	/System/Library/Frameworks/JavaVM.framework/Versions/A/Frameworks/JavaNativeFoundation.framework/Versions/A/JavaNativeFoundation
0x00007fff55d36000 	/System/Library/Frameworks/JavaVM.framework/Versions/A/Frameworks/JavaRuntimeSupport.framework/Versions/A/JavaRuntimeSupport
0x00007fff55d3f000 	/System/Library/Frameworks/JavaVM.framework/Versions/A/JavaVM
0x00007fff6f528000 	/System/Library/PrivateFrameworks/JavaLaunching.framework/Versions/A/JavaLaunching
0x00007fff50eea000 	/System/Library/Frameworks/Carbon.framework/Versions/A/Carbon
0x00007fff50eeb000 	/System/Library/Frameworks/Carbon.framework/Versions/A/Frameworks/CommonPanels.framework/Versions/A/CommonPanels
0x00007fff511e6000 	/System/Library/Frameworks/Carbon.framework/Versions/A/Frameworks/Help.framework/Versions/A/Help
0x00007fff511ea000 	/System/Library/Frameworks/Carbon.framework/Versions/A/Frameworks/ImageCapture.framework/Versions/A/ImageCapture
0x00007fff51286000 	/System/Library/Frameworks/Carbon.framework/Versions/A/Frameworks/OpenScripting.framework/Versions/A/OpenScripting
0x00007fff512be000 	/System/Library/Frameworks/Carbon.framework/Versions/A/Frameworks/Print.framework/Versions/A/Print
0x00007fff512c0000 	/System/Library/Frameworks/Carbon.framework/Versions/A/Frameworks/SecurityHI.framework/Versions/A/SecurityHI
0x000000010f7dd000 	/Library/Internet Plug-Ins/JavaAppletPlugin.plugin/Contents/Home/lib/libawt_lwawt.dylib
0x000000010f898000 	/Library/Internet Plug-Ins/JavaAppletPlugin.plugin/Contents/Home/lib/./libosxapp.dylib
0x00007fff53e2e000 	/System/Library/Frameworks/ExceptionHandling.framework/Versions/A/ExceptionHandling
0x00007fff65e01000 	/System/Library/PrivateFrameworks/CoreServicesInternal.framework/Versions/A/CoreServicesInternal
0x00007fff463e8000 	/System/Library/CoreServices/RawCamera.bundle/Contents/MacOS/RawCamera
0x00007fff7051c000 	/System/Library/PrivateFrameworks/MobileAsset.framework/Versions/A/MobileAsset
0x00007fff77e44000 	/System/Library/PrivateFrameworks/StreamingZip.framework/Versions/A/StreamingZip
0x00007fff560d1000 	/System/Library/Frameworks/MediaToolbox.framework/Versions/A/MediaToolbox
0x00007fff64f55000 	/System/Library/PrivateFrameworks/CoreAVCHD.framework/Versions/A/CoreAVCHD
0x00007fff56017000 	/System/Library/Frameworks/MediaAccessibility.framework/Versions/A/MediaAccessibility
0x00007fff6ff79000 	/System/Library/PrivateFrameworks/Mangrove.framework/Versions/A/Mangrove
0x00007fff52cc7000 	/System/Library/Frameworks/CoreMedia.framework/Versions/A/CoreMedia
0x00007fff5db29000 	/System/Library/Frameworks/VideoToolbox.framework/Versions/A/VideoToolbox
0x00007fff64b71000 	/System/Library/PrivateFrameworks/CoreAUC.framework/Versions/A/CoreAUC
0x00007fff7ccac000 	/usr/lib/libspindump.dylib
0x00007fff6222d000 	/System/Library/PrivateFrameworks/AppleVA.framework/Versions/A/AppleVA
0x00007fff4e046000 	/System/Library/Frameworks/Accelerate.framework/Versions/A/Frameworks/vImage.framework/Versions/A/Libraries/libCGInterfaces.dylib
0x00007fff50339000 	/System/Library/Frameworks/ApplicationServices.framework/Versions/A/Frameworks/ATS.framework/Versions/A/Resources/libTrueTypeScaler.dylib
0x00007fff496f9000 	/System/Library/Extensions/AppleIntelBDWGraphicsMTLDriver.bundle/Contents/MacOS/AppleIntelBDWGraphicsMTLDriver
0x00007fff6b60b000 	/System/Library/PrivateFrameworks/GPUCompiler.framework/Versions/3902/Libraries/libmetal_timestamp.dylib
0x00007fff67d61000 	/System/Library/PrivateFrameworks/FamilyControls.framework/Versions/A/FamilyControls
0x00007fff646c2000 	/System/Library/PrivateFrameworks/CommerceKit.framework/Versions/A/Frameworks/CommerceCore.framework/Versions/A/CommerceCore
0x00007fff781c9000 	/System/Library/PrivateFrameworks/SystemAdministration.framework/Versions/A/SystemAdministration
0x00007fff61b00000 	/System/Library/PrivateFrameworks/AppContainer.framework/Versions/A/AppContainer
0x00007fff61b1c000 	/System/Library/PrivateFrameworks/AppSandbox.framework/Versions/A/AppSandbox
0x00007fff75cbb000 	/System/Library/PrivateFrameworks/SecCodeWrapper.framework/Versions/A/SecCodeWrapper
0x00007fff7cc5d000 	/usr/lib/libsandbox.1.dylib
0x00007fff7a990000 	/usr/lib/libMatch.1.dylib
0x00007fff66c0b000 	/System/Library/PrivateFrameworks/DiskManagement.framework/Versions/A/DiskManagement
0x00007fff53baa000 	/System/Library/Frameworks/DirectoryService.framework/Versions/A/DirectoryService
0x00007fff66b3c000 	/System/Library/PrivateFrameworks/DiskImages.framework/Versions/A/DiskImages
0x00007fff6f84f000 	/System/Library/PrivateFrameworks/LoginUIKit.framework/Versions/A/Frameworks/LoginUICore.framework/Versions/A/LoginUICore
0x00007fff7a654000 	/usr/lib/libCoreStorage.dylib
0x00007fff7b51d000 	/usr/lib/libcsfde.dylib
0x00007fff7cadd000 	/usr/lib/libodfde.dylib
0x00007fff70091000 	/System/Library/PrivateFrameworks/MediaKit.framework/Versions/A/MediaKit
0x00007fff53bb6000 	/System/Library/Frameworks/DiscRecording.framework/Versions/A/DiscRecording
0x00007fff66d7d000 	/System/Library/PrivateFrameworks/EFILogin.framework/Versions/A/EFILogin
0x00007fff74245000 	/System/Library/PrivateFrameworks/ProtectedCloudStorage.framework/Versions/A/ProtectedCloudStorage
0x00007fff7b5af000 	/usr/lib/libcurl.4.dylib
0x00007fff7b41c000 	/usr/lib/libcrypto.42.dylib
0x00007fff7cf4f000 	/usr/lib/libssl.44.dylib
0x00007fff55d5e000 	/System/Library/Frameworks/LDAP.framework/Versions/A/LDAP
0x00007fff78859000 	/System/Library/PrivateFrameworks/TrustEvaluationAgent.framework/Versions/A/TrustEvaluationAgent
0x00007fff7cc99000 	/usr/lib/libsasl2.2.dylib
0x00007fff651ad000 	/System/Library/PrivateFrameworks/CoreDaemon.framework/Versions/B/CoreDaemon
0x00007fff62142000 	/System/Library/PrivateFrameworks/AppleSRP.framework/Versions/A/AppleSRP
0x00007fff79692000 	/System/Library/PrivateFrameworks/ViewBridge.framework/Versions/A/ViewBridge
0x000000012ae9b000 	/Library/Internet Plug-Ins/JavaAppletPlugin.plugin/Contents/Home/lib/libfontmanager.dylib
0x000000012af03000 	/Library/Internet Plug-Ins/JavaAppletPlugin.plugin/Contents/Home/lib/libosxui.dylib
0x00007fff5b876000 	/System/Library/Frameworks/OpenGL.framework/Versions/A/Resources/GLEngine.bundle/GLEngine
0x00007fff5ad18000 	/System/Library/Frameworks/OpenGL.framework/Versions/A/Libraries/libGLProgrammability.dylib
0x00007fff491f4000 	/System/Library/Extensions/AppleIntelBDWGraphicsGLDriver.bundle/Contents/MacOS/AppleIntelBDWGraphicsGLDriver
0x00007fff6cca0000 	/System/Library/PrivateFrameworks/GPUSupport.framework/Versions/A/Libraries/libGPUSupportMercury.dylib
0x00007fff5ba0e000 	/System/Library/Frameworks/OpenGL.framework/Versions/A/Resources/GLRendererFloat.bundle/GLRendererFloat
0x00007fff5a2e2000 	/System/Library/Frameworks/OpenCL.framework/Versions/A/Libraries/libcldcpuengine.dylib
0x00007fff7b222000 	/usr/lib/libcrypto.35.dylib
0x000000012c2f4000 	/Library/Internet Plug-Ins/JavaAppletPlugin.plugin/Contents/Home/lib/libnet.dylib
0x000000012c30b000 	/Library/Internet Plug-Ins/JavaAppletPlugin.plugin/Contents/Home/lib/libnio.dylib
0x0000000110511000 	/usr/lib/libobjc-trampolines.dylib
0x00007fff63a2c000 	/System/Library/PrivateFrameworks/CloudDocs.framework/Versions/A/CloudDocs
0x00007fff67d88000 	/System/Library/PrivateFrameworks/FileProvider.framework/Versions/A/FileProvider
0x00007fff77857000 	/System/Library/PrivateFrameworks/SpotlightIndex.framework/Versions/A/SpotlightIndex
0x00007fff77f82000 	/System/Library/PrivateFrameworks/SymptomDiagnosticReporter.framework/Versions/A/SymptomDiagnosticReporter
0x00007fff6d03e000 	/System/Library/PrivateFrameworks/GenerationalStorage.framework/Versions/A/GenerationalStorage
0x00007fff638c3000 	/System/Library/PrivateFrameworks/ChunkingLibrary.framework/Versions/A/ChunkingLibrary
0x00007fff73e39000 	/System/Library/PrivateFrameworks/PowerLog.framework/Versions/A/PowerLog
0x00007fff64fa3000 	/System/Library/PrivateFrameworks/CoreAnalytics.framework/Versions/A/CoreAnalytics

VM Arguments:
java_command: /Users/akimi/Python/lofter/AozoraEpub3/AozoraEpub3.jar
java_class_path (initial): /Users/akimi/Python/lofter/AozoraEpub3/AozoraEpub3.jar
Launcher Type: SUN_STANDARD

Environment Variables:
PATH=/usr/bin:/bin:/usr/sbin:/sbin
SHELL=/bin/zsh

Signal Handlers:
SIGSEGV: [libjvm.dylib+0x5bc2ff], sa_mask[0]=11111111011111110111111111111111, sa_flags=SA_ONSTACK|SA_RESTART|SA_SIGINFO
SIGBUS: [libjvm.dylib+0x5bc2ff], sa_mask[0]=11111111011111110111111111111111, sa_flags=SA_RESTART|SA_SIGINFO
SIGFPE: [libjvm.dylib+0x48d41c], sa_mask[0]=11111111011111110111111111111111, sa_flags=SA_RESTART|SA_SIGINFO
SIGPIPE: [libjvm.dylib+0x48d41c], sa_mask[0]=11111111011111110111111111111111, sa_flags=SA_RESTART|SA_SIGINFO
SIGXFSZ: [libjvm.dylib+0x48d41c], sa_mask[0]=11111111011111110111111111111111, sa_flags=SA_RESTART|SA_SIGINFO
SIGILL: [libjvm.dylib+0x48d41c], sa_mask[0]=11111111011111110111111111111111, sa_flags=SA_RESTART|SA_SIGINFO
SIGUSR1: SIG_DFL, sa_mask[0]=00000000000000000000000000000000, sa_flags=none
SIGUSR2: [libjvm.dylib+0x48cf3a], sa_mask[0]=00000000000000000000000000000000, sa_flags=SA_RESTART|SA_SIGINFO
SIGHUP: [libjvm.dylib+0x48b4c5], sa_mask[0]=11111111011111110111111111111111, sa_flags=SA_RESTART|SA_SIGINFO
SIGINT: [libjvm.dylib+0x48b4c5], sa_mask[0]=11111111011111110111111111111111, sa_flags=SA_RESTART|SA_SIGINFO
SIGTERM: [libjvm.dylib+0x48b4c5], sa_mask[0]=11111111011111110111111111111111, sa_flags=SA_RESTART|SA_SIGINFO
SIGQUIT: [libjvm.dylib+0x48b4c5], sa_mask[0]=11111111011111110111111111111111, sa_flags=SA_RESTART|SA_SIGINFO


---------------  S Y S T E M  ---------------

OS:Bsduname:Darwin 18.6.0 Darwin Kernel Version 18.6.0: Thu Apr 25 23:16:27 PDT 2019; root:xnu-4903.261.4~2/RELEASE_X86_64 x86_64
rlimit: STACK 8192k, CORE 0k, NPROC 1418, NOFILE 10240, AS infinity
load average:2.39 2.35 2.30

CPU:total 4 (initial active 4) (2 cores per cpu, 2 threads per core) family 6 model 61 stepping 4, cmov, cx8, fxsr, mmx, sse, sse2, sse3, ssse3, sse4.1, sse4.2, popcnt, avx, avx2, aes, clmul, erms, 3dnowpref, lzcnt, ht, tsc, tscinvbit, bmi1, bmi2, adx

Memory: 4k page, physical 16777216k(53292k free)

/proc/meminfo:


vm_info: Java HotSpot(TM) 64-Bit Server VM (25.251-b08) for bsd-amd64 JRE (1.8.0_251-b08), built on Mar 12 2020 02:36:37 by "java_re" with gcc 4.2.1 (Based on Apple Inc. build 5658) (LLVM build 2336.11.00)

time: Thu Jun 18 17:29:12 2020
timezone: CST
elapsed time: 44 seconds (0d 0h 0m 44s)

